usr/bin/powerlogd
usr/bin/brctl
usr/bin/vm_stat
usr/bin/DumpBasebandCrash
usr/bin/powerlogHelperd
usr/bin/sysdiagnose
usr/bin/zprint
usr/bin/buttontool
usr/bin/abmlite
usr/bin/kbdebug
usr/bin/tailspin
usr/bin/taskinfo
usr/bin/hidutil
usr/libexec/routined
usr/libexec/nehelper
usr/libexec/feedbackarchiverd
usr/libexec/seld
usr/libexec/IOMFB_bics_daemon
usr/libexec/OTAPKIAssetTool
usr/libexec/languageassetd
usr/libexec/logd
usr/libexec/mobile_obliterator
usr/libexec/misd
usr/libexec/springboardservicesrelay
usr/libexec/adid
usr/libexec/sysstatuscheck
usr/libexec/replayd
usr/libexec/nsurlstoraged
usr/libexec/transitd
usr/libexec/bulletindistributord
usr/libexec/splashboardd
usr/libexec/nptocompaniond
usr/libexec/neagent
usr/libexec/networkserviceproxy
usr/libexec/hostapd
usr/libexec/sharingd
usr/libexec/pfd
usr/libexec/DataDetectorsSourceAccess
usr/libexec/xpcproxy
usr/libexec/asd
usr/libexec/keybagd
usr/libexec/dasd
usr/libexec/SafariCloudHistoryPushAgent
usr/libexec/coreduetd
usr/libexec/dprivacyd
usr/libexec/addressbooksyncd
usr/libexec/symptomsd-helper
usr/libexec/airtunesd
usr/libexec/IOAccelMemoryInfoCollector
usr/libexec/videosubscriptionsd
usr/libexec/wapic
usr/libexec/locationd
usr/libexec/configd
usr/libexec/fmfd
usr/libexec/rtbuddyd
usr/libexec/diagnosticd
usr/libexec/wifiFirmwareLoaderLegacy
usr/libexec/webbookmarksd
usr/libexec/atc
usr/libexec/tzd
usr/libexec/hangtracerd
usr/libexec/nanoregistrylaunchd
usr/libexec/MobileStorageMounter
usr/libexec/mtmergeprops
usr/libexec/ftp-proxy
usr/libexec/bootpd
usr/libexec/hangreporter
usr/libexec/security-sysdiagnose
usr/libexec/misagent
usr/libexec/dmd
usr/libexec/companion_proxy
usr/libexec/findmydeviced
usr/libexec/tipsd
usr/libexec/finish_demo_restore
usr/libexec/pcapd
usr/libexec/PurpleReverseProxy
usr/libexec/pkd
usr/libexec/eventkitsyncd
usr/libexec/mobileactivationd
usr/libexec/adtrackingd
usr/libexec/gamed
usr/libexec/lsd
usr/libexec/lockbot
usr/libexec/demod
usr/libexec/corecaptured
usr/libexec/cloudpaird
usr/libexec/tzlinkd
usr/libexec/backboardd
usr/libexec/lskdd
usr/libexec/OTATaskingAgent
usr/libexec/tzinit
usr/libexec/screenshotsyncd
usr/libexec/trustd
usr/libexec/xpcroleaccountd
usr/libexec/nsurlsessiond
usr/libexec/demod_helper
usr/libexec/dhcpd
usr/libexec/amfid
usr/libexec/pcsstatus
usr/libexec/magicswitchd
usr/libexec/afcd
usr/libexec/PreboardService
usr/libexec/notification_proxy
usr/libexec/mobile_house_arrest
usr/libexec/pkreporter
usr/libexec/crash_mover
usr/libexec/mobile_assertion_agent
usr/libexec/resourcegrabberd
usr/libexec/smcDiagnose
usr/libexec/duetexpertd
usr/libexec/gamecontrollerd
usr/libexec/safarifetcherd
usr/libexec/lskdmsed
usr/libexec/nanomediaremotelinkagent
usr/libexec/installd
usr/libexec/swcd
usr/libexec/BackupAgent2
usr/libexec/signpost_reporter
usr/libexec/rapportd
usr/libexec/mobileassetd
usr/libexec/tailspind
usr/libexec/sysdiagnose_helper
usr/libexec/nesessionmanager
usr/libexec/cc_fips_test
usr/libexec/mobile_installation_proxy
usr/libexec/wifiFirmwareLoader
usr/libexec/NANDTaskScheduler
usr/libexec/siriknowledged
usr/libexec/lockdownd
usr/libexec/mobile_storage_proxy
usr/libexec/nanoregistryd
usr/libexec/BackupAgent
usr/libexec/webinspectord
usr/libexec/ProxiedCrashCopier
usr/libexec/captiveagent
usr/libexec/streaming_zip_conduit
usr/libexec/oscard
usr/libexec/UserEventAgent
usr/libexec/ptpd
usr/libexec/symptomsd
usr/libexec/idamd
usr/libexec/atwakeup
usr/libexec/mobilewatchdog
usr/libexec/wcd
usr/libexec/FinishRestoreFromBackup
usr/libexec/wifivelocityd
usr/libexec/diagnosticextensionsd
usr/libexec/checkpointd
usr/libexec/microstackshot
usr/libexec/seputil
usr/libexec/MobileGestaltHelper
usr/libexec/fdrhelper
usr/libexec/silhouette
usr/libexec/mc_mobile_tunnel
usr/libexec/mmaintenanced
usr/libexec/online-auth-agent
usr/libexec/timed
usr/libexec/assertiond
usr/libexec/FSTaskScheduler
usr/libexec/rtcreportingd
usr/libexec/rolld
usr/libexec/securityd
usr/libexec/nlcd
usr/libexec/biometrickitd
usr/libexec/nfcd
usr/libexec/mobile_diagnostics_relay
usr/libexec/DeveloperTools/codesign_allocate
usr/libexec/fmflocatord
usr/libexec/tursd
usr/libexec/fseventsd
usr/libexec/CrashHousekeeping
usr/libexec/SyncAgent
usr/libexec/ioupsd
usr/libexec/pipelined
usr/sbin/mDNSResponder
usr/sbin/racoon
usr/sbin/aslmanager
usr/sbin/scutil
usr/sbin/ioreg
usr/sbin/mDNSResponderHelper
usr/sbin/absd
usr/sbin/syslogd
usr/sbin/filecoordinationd
usr/sbin/BTPbap
usr/sbin/BTLEServer
usr/sbin/fairplayd.H2
usr/sbin/rtadvd
usr/sbin/distnoted
usr/sbin/notifyd
usr/sbin/wirelessproxd
usr/sbin/BTMap
usr/sbin/wifid
usr/sbin/mediaserverd
usr/sbin/cfprefsd
usr/sbin/spindump
usr/sbin/BTAvrcp
usr/sbin/addNetworkInterface
usr/sbin/nvram
usr/sbin/pppd
usr/sbin/bluetoothd
usr/sbin/BlueTool
usr/sbin/ipconfig
usr/sbin/WirelessRadioManagerd
bin/df
bin/ps
sbin/fsck
sbin/pfctl
sbin/mount
sbin/launchd
System/Library/SystemConfiguration/EAPOLController.bundle/eapolclient
System/Library/CoreServices/CacheDeleteAppContainerCaches
System/Library/CoreServices/EscrowSecurityAlert.app/EscrowSecurityAlert
System/Library/CoreServices/SpringBoard.app/SpringBoard
System/Library/CoreServices/AssistiveTouch.app/assistivetouchd
System/Library/CoreServices/ScreenSharingServer.app/ScreenSharingServer
System/Library/CoreServices/DumpPanic
System/Library/CoreServices/VoiceOverTouch.app/vot
System/Library/CoreServices/VoiceOverTouch.app/scrod
System/Library/CoreServices/OTACrashCopier
System/Library/CoreServices/CacheDeleteDaily
System/Library/CoreServices/powerd.bundle/powerd
System/Library/CoreServices/AppleIDAuthAgent
System/Library/CoreServices/SafariSupport.bundle/SafariBookmarksSyncAgent
System/Library/CoreServices/ReportCrash
System/Library/CoreServices/DeviceOMatic.app/DeviceOMatic
System/Library/CoreServices/prdaily
System/Library/TextInput/kbd
System/Library/AppRemovalServices/com.apple.weather.appremoval.xpc/com.apple.weather.appremoval
System/Library/AppRemovalServices/com.apple.videos.appremoval.xpc/com.apple.videos.appremoval
System/Library/AppRemovalServices/com.apple.mobilemail.appremoval.xpc/com.apple.mobilemail.appremoval
System/Library/AppRemovalServices/com.apple.Home.appremoval.xpc/com.apple.Home.appremoval
System/Library/AppRemovalServices/com.apple.stocks.appremoval.xpc/com.apple.stocks.appremoval
System/Library/AppRemovalServices/com.apple.reminders.appremoval.xpc/com.apple.reminders.appremoval
System/Library/AppRemovalServices/com.apple.Music.appremoval.xpc/com.apple.Music.appremoval
System/Library/AppRemovalServices/com.apple.mobilecal.appremoval.xpc/com.apple.mobilecal.appremoval
System/Library/AppRemovalServices/com.apple.tips.appremoval.xpc/com.apple.tips.appremoval
System/Library/AppRemovalServices/com.apple.iBooks.appremoval.xpc/com.apple.iBooks.appremoval
System/Library/AppRemovalServices/com.apple.MobileStore.appremoval.xpc/com.apple.MobileStore.appremoval
System/Library/AppRemovalServices/com.apple.news.appremoval.xpc/com.apple.news
System/Library/AppRemovalServices/com.apple.mobilenotes.appremoval.xpc/com.apple.mobilenotes.appremoval
System/Library/AppRemovalServices/com.apple.tv.appremoval.xpc/com.apple.tv.appremoval
System/Library/AppRemovalServices/com.apple.mobileme.fmf1.appremoval.xpc/com.apple.mobileme.fmf1.appremoval
System/Library/AppRemovalServices/com.apple.VoiceMemos.appremoval.xpc/com.apple.VoiceMemos.appremoval
System/Library/AppRemovalServices/com.apple.Maps.appremoval.xpc/com.apple.Maps.appremoval
System/Library/AppRemovalServices/com.apple.podcasts.appremoval.xpc/com.apple.podcasts.appremoval
System/Library/AppRemovalServices/com.apple.Bridge.appremoval.xpc/com.apple.Bridge.appremoval
System/Library/DistributedEvaluation/Plugins/CoreSpeechFidesPlugin.desPlugin/XPCServices/CoreSpeechFidesXPC.xpc/CoreSpeechFidesXPC
System/Library/PrivateFrameworks/IMTranscoding.framework/IMTranscoderAgent.xpc/IMTranscoderAgent
System/Library/PrivateFrameworks/RemindersUI.framework/PlugIns/RemindersSpotlight.appex/RemindersSpotlight
System/Library/PrivateFrameworks/CloudPhotoServices.framework/Support/CloudPhotoDerivativeGenerator
System/Library/PrivateFrameworks/AssetCacheServices.framework/XPCServices/AssetCacheLocatorService.xpc/AssetCacheLocatorService
System/Library/PrivateFrameworks/DragUI.framework/Support/druid
System/Library/PrivateFrameworks/UIFoundation.framework/XPCServices/com.apple.uifoundation-bundle-helper.xpc/com.apple.uifoundation-bundle-helper
System/Library/PrivateFrameworks/AnnotationKit.framework/XPCServices/com.apple.AnnotationKit.MigratorService.xpc/com.apple.AnnotationKit.MigratorService
System/Library/PrivateFrameworks/NanoLeash.framework/companionfindlocallyd
System/Library/PrivateFrameworks/NanoLeash.framework/companionproximityd
System/Library/PrivateFrameworks/NanoLeash.framework/findme
System/Library/PrivateFrameworks/CarKit.framework/PlugIns/CarPlayDiagnostics.appex/CarPlayDiagnostics
System/Library/PrivateFrameworks/CarKit.framework/PlugIns/CarDNDDiagnostics.appex/CarDNDDiagnostics
System/Library/PrivateFrameworks/CarKit.framework/Support/carkitd
System/Library/PrivateFrameworks/CoreParsec.framework/parsecd
System/Library/PrivateFrameworks/ApplePushService.framework/apsd
System/Library/PrivateFrameworks/ClassroomKit.framework/XPCServices/ScreenshotService.xpc/ScreenshotService
System/Library/PrivateFrameworks/NewsServices.framework/newspolicyd
System/Library/PrivateFrameworks/NewsServices.framework/PlugIns/NewsArticleViewer.appex/NewsArticleViewer
System/Library/PrivateFrameworks/NewsServices.framework/nanonewscd
System/Library/PrivateFrameworks/IAPAuthentication.framework/Support/iapauthd
System/Library/PrivateFrameworks/AuthKitUI.framework/PlugIns/AKLocationSignInAlert.appex/AKLocationSignInAlert
System/Library/PrivateFrameworks/AuthKitUI.framework/PlugIns/AKSecondFactorEntryAlert.appex/AKSecondFactorEntryAlert
System/Library/PrivateFrameworks/AuthKitUI.framework/PlugIns/AKSecondFactorAlert.appex/AKSecondFactorAlert
System/Library/PrivateFrameworks/AuthKitUI.framework/PlugIns/AKFollowUpExtension.appex/AKFollowUpExtension
System/Library/PrivateFrameworks/CalendarDaemon.framework/Support/calaccessd
System/Library/PrivateFrameworks/CoreFollowUp.framework/followupd
System/Library/PrivateFrameworks/CacheDelete.framework/deleted
System/Library/PrivateFrameworks/CloudDocsUI.framework/PlugIns/com.apple.CloudDocsUI.AddToiCloudDrive.appex/com.apple.CloudDocsUI.AddToiCloudDrive
System/Library/PrivateFrameworks/CloudDocsUI.framework/PlugIns/com.apple.CloudDocsUI.CloudSharing.appex/com.apple.CloudDocsUI.CloudSharing
System/Library/PrivateFrameworks/CloudDocsUI.framework/PlugIns/com.apple.CloudDocsUI.DocumentPicker.appex/com.apple.CloudDocsUI.DocumentPicker
System/Library/PrivateFrameworks/DataDetectorsUI.framework/PlugIns/com.apple.DataDetectorsUI.ActionsExtension.appex/com.apple.DataDetectorsUI.ActionsExtension
System/Library/PrivateFrameworks/DataDetectorsUI.framework/XPCServices/com.apple.datadetectors.AddToRecentsService.xpc/com.apple.datadetectors.AddToRecentsService
System/Library/PrivateFrameworks/DocumentManagerUICore.framework/PlugIns/com.apple.DocumentManager.Service.appex/com.apple.DocumentManager.Service
System/Library/PrivateFrameworks/DocumentManagerUICore.framework/PlugIns/RecentsAppPopover.appex/RecentsAppPopover
System/Library/PrivateFrameworks/AppSupport.framework/Support/cplogd
System/Library/PrivateFrameworks/AVConference.framework/PlugIns/com.apple.AVConference.Diagnostic.appex/com.apple.AVConference.Diagnostic
System/Library/PrivateFrameworks/FindMyDevice.framework/XPCServices/FindMyDeviceBTDiscoveryXPCService.xpc/FindMyDeviceBTDiscoveryXPCService
System/Library/PrivateFrameworks/FindMyDevice.framework/XPCServices/FindMyDeviceIdentityXPCService.xpc/FindMyDeviceIdentityXPCService
System/Library/PrivateFrameworks/FindMyDevice.framework/XPCServices/FindMyDeviceUserNotificationsXPCService.xpc/FindMyDeviceUserNotificationsXPCService
System/Library/PrivateFrameworks/FindMyDevice.framework/XPCServices/FindMyDeviceHelperXPCService.xpc/FindMyDeviceHelperXPCService
System/Library/PrivateFrameworks/TCC.framework/tccd
System/Library/PrivateFrameworks/ContinuousDialogManagerService.framework/assistant_cdmd
System/Library/PrivateFrameworks/NanoSystemSettings.framework/nanosystemsettingsd
System/Library/PrivateFrameworks/GeoServices.framework/geod
System/Library/PrivateFrameworks/CallHistory.framework/Support/CallHistorySyncHelper
System/Library/PrivateFrameworks/ManagedConfiguration.framework/Support/profiled
System/Library/PrivateFrameworks/ManagedConfiguration.framework/Support/teslad
System/Library/PrivateFrameworks/ManagedConfiguration.framework/Support/mdmd
System/Library/PrivateFrameworks/DistributedEvaluation.framework/XPCServices/com.apple.siri-distributed-evaluation.xpc/com.apple.siri-distributed-evaluation
System/Library/PrivateFrameworks/BatteryCenter.framework/PlugIns/BatteryWidget.appex/BatteryWidget
System/Library/PrivateFrameworks/DataAccess.framework/Support/dataaccessd
System/Library/PrivateFrameworks/PairedUnlock.framework/pairedunlockd
System/Library/PrivateFrameworks/BiometricKit.framework/PlugIns/BioLogDiagnostic.appex/BioLogDiagnostic
System/Library/PrivateFrameworks/PhotoAnalysis.framework/Support/photoanalysisd
System/Library/PrivateFrameworks/AGXCompilerCore.framework/PlugIns/AGXCompilerCrashLogs.appex/AGXCompilerCrashLogs
System/Library/PrivateFrameworks/PersonaKit.framework/personad
System/Library/PrivateFrameworks/CloudServices.framework/XPCServices/com.apple.sbd.xpc/com.apple.sbd
System/Library/PrivateFrameworks/PairedSync.framework/Support/pairedsyncd
System/Library/PrivateFrameworks/PrintKit.framework/XPCServices/com.apple.PrintKit.PrinterTool.xpc/com.apple.PrintKit.PrinterTool
System/Library/PrivateFrameworks/PrintKit.framework/printd
System/Library/PrivateFrameworks/VideoProcessing.framework/mediaanalysisd
System/Library/PrivateFrameworks/RemoteMediaServices.framework/remotemediaservicesd
System/Library/PrivateFrameworks/DiagnosticExtensions.framework/PlugIns/com.apple.DiagnosticExtensions.FaceTime.appex/com.apple.DiagnosticExtensions.FaceTime
System/Library/PrivateFrameworks/DiagnosticExtensions.framework/PlugIns/com.apple.DiagnosticExtensions.sysdiagnose.appex/com.apple.DiagnosticExtensions.sysdiagnose
System/Library/PrivateFrameworks/DiagnosticExtensions.framework/PlugIns/com.apple.DiagnosticExtensions.VisualVoiceMail.appex/com.apple.DiagnosticExtensions.VisualVoiceMail
System/Library/PrivateFrameworks/DiagnosticExtensions.framework/PlugIns/com.apple.DiagnosticExtensions.BackgroundAppRefresh.appex/com.apple.DiagnosticExtensions.BackgroundAppRefresh
System/Library/PrivateFrameworks/DiagnosticExtensions.framework/PlugIns/com.apple.DiagnosticExtensions.StackShot.appex/com.apple.DiagnosticExtensions.StackShot
System/Library/PrivateFrameworks/DiagnosticExtensions.framework/PlugIns/com.apple.DiagnosticExtensions.DataAccess.appex/com.apple.DiagnosticExtensions.DataAccess
System/Library/PrivateFrameworks/DiagnosticExtensions.framework/PlugIns/com.apple.DiagnosticExtensions.LowMemory.appex/com.apple.DiagnosticExtensions.LowMemory
System/Library/PrivateFrameworks/DiagnosticExtensions.framework/PlugIns/com.apple.DiagnosticExtensions.Keyboard.appex/com.apple.DiagnosticExtensions.Keyboard
System/Library/PrivateFrameworks/DiagnosticExtensions.framework/PlugIns/com.apple.DiagnosticExtensions.Siri.appex/com.apple.DiagnosticExtensions.Siri
System/Library/PrivateFrameworks/DiagnosticExtensions.framework/PlugIns/BluetoothHeadset.appex/BluetoothHeadset
System/Library/PrivateFrameworks/DiagnosticExtensions.framework/PlugIns/com.apple.DiagnosticExtensions.CrashLogs.appex/com.apple.DiagnosticExtensions.CrashLogs
System/Library/PrivateFrameworks/DiagnosticExtensions.framework/PlugIns/com.apple.DiagnosticExtensions.Baseband.appex/com.apple.DiagnosticExtensions.Baseband
System/Library/PrivateFrameworks/DiagnosticExtensions.framework/PlugIns/com.apple.DiagnosticExtensions.WiFi.appex/com.apple.DiagnosticExtensions.WiFi
System/Library/PrivateFrameworks/DiagnosticExtensions.framework/PlugIns/com.apple.DiagnosticExtensions.Messages.appex/com.apple.DiagnosticExtensions.Messages
System/Library/PrivateFrameworks/DiagnosticExtensions.framework/PlugIns/com.apple.DiagnosticExtensions.Bluetooth.appex/com.apple.DiagnosticExtensions.Bluetooth
System/Library/PrivateFrameworks/DiagnosticExtensions.framework/PlugIns/com.apple.DiagnosticExtensions.Panic.appex/com.apple.DiagnosticExtensions.Panic
System/Library/PrivateFrameworks/DiagnosticExtensions.framework/PlugIns/com.apple.DiagnosticExtensions.HangTracer.appex/com.apple.DiagnosticExtensions.HangTracer
System/Library/PrivateFrameworks/DiagnosticExtensions.framework/PlugIns/com.apple.DiagnosticExtensions.VPN.appex/com.apple.DiagnosticExtensions.VPN
System/Library/PrivateFrameworks/DiagnosticExtensions.framework/PlugIns/com.apple.DiagnosticExtensions.Syslog.appex/com.apple.DiagnosticExtensions.Syslog
System/Library/PrivateFrameworks/DiagnosticExtensions.framework/PlugIns/com.apple.DiagnosticExtensions.Phone.appex/com.apple.DiagnosticExtensions.Phone
System/Library/PrivateFrameworks/DiagnosticExtensions.framework/PlugIns/com.apple.DiagnosticExtensions.tailspin.appex/com.apple.DiagnosticExtensions.tailspin
System/Library/PrivateFrameworks/DiagnosticExtensions.framework/PlugIns/com.apple.DiagnosticExtensions.Contacts.appex/com.apple.DiagnosticExtensions.Contacts
System/Library/PrivateFrameworks/DiagnosticExtensions.framework/PlugIns/com.apple.DiagnosticExtensions.Sandbox.appex/com.apple.DiagnosticExtensions.Sandbox
System/Library/PrivateFrameworks/Weather.framework/Support/nanoweatherprefsd
System/Library/PrivateFrameworks/SafariSafeBrowsing.framework/com.apple.Safari.SafeBrowsing.Service
System/Library/PrivateFrameworks/DuetExpertCenter.framework/PlugIns/diagnosticextension.appex/diagnosticextension
System/Library/PrivateFrameworks/DeviceCheckInternal.framework/devicecheckd
System/Library/PrivateFrameworks/AskPermission.framework/askpermissiond
System/Library/PrivateFrameworks/UserFS.framework/userfsd
System/Library/PrivateFrameworks/UserFS.framework/userfs_helper
System/Library/PrivateFrameworks/SoftwareUpdateBridge.framework/Support/subridged
System/Library/PrivateFrameworks/IMDMessageServices.framework/XPCServices/IMDMessageServicesAgent.xpc/IMDMessageServicesAgent
System/Library/PrivateFrameworks/NanoTimeKitCompanion.framework/nanotimekitcompaniond
System/Library/PrivateFrameworks/NanoTimeKitCompanion.framework/PlugIns/com.apple.NanoTimeKitCompanion.CreateWatchFace.appex/com.apple.NanoTimeKitCompanion.CreateWatchFace
System/Library/PrivateFrameworks/CompassUI.framework/XPCServices/CompassCalibration.xpc/CompassCalibration
System/Library/PrivateFrameworks/VisualVoicemail.framework/vmd
System/Library/PrivateFrameworks/CoreCDPUI.framework/PlugIns/CoreCDPUIService.appex/CoreCDPUIService
System/Library/PrivateFrameworks/CoreCDPUI.framework/PlugIns/CDPFollowUpExtension.appex/CDPFollowUpExtension
System/Library/PrivateFrameworks/CoreFollowUpUI.framework/PlugIns/FollowUpSampleExtension.appex/FollowUpSampleExtension
System/Library/PrivateFrameworks/DataAccessExpress.framework/PlugIns/ActiveSyncOAuthService.appex/ActiveSyncOAuthService
System/Library/PrivateFrameworks/FamilyNotification.framework/familynotificationd
System/Library/PrivateFrameworks/AuthKit.framework/akd
System/Library/PrivateFrameworks/NanoAppRegistry.framework/Support/nanoappregistryd
System/Library/PrivateFrameworks/CoreAccessories.framework/Support/accessoryd
System/Library/PrivateFrameworks/IMCore.framework/imagent.app/imagent
System/Library/PrivateFrameworks/QuickLookThumbnailing.framework/Support/com.apple.quicklook.ThumbnailsAgent
System/Library/PrivateFrameworks/AppStoreDaemon.framework/appstored.bundle/appstored
System/Library/PrivateFrameworks/VoiceServices.framework/Support/voiced
System/Library/PrivateFrameworks/AXMediaUtilities.framework/XPCServices/AXMediaUtilitiesService.xpc/AXMediaUtilitiesService
System/Library/PrivateFrameworks/WirelessDiagnostics.framework/PlugIns/AWDDiagnosticExtension.appex/AWDDiagnosticExtension
System/Library/PrivateFrameworks/WirelessDiagnostics.framework/Support/awdd
System/Library/PrivateFrameworks/VoiceMemos.framework/Support/voicememod
System/Library/PrivateFrameworks/iOSDiagnostics.framework/XPCServices/com.apple.DiagnosticsSessionAvailibility.xpc/com.apple.DiagnosticsSessionAvailibility
System/Library/PrivateFrameworks/iOSDiagnostics.framework/iosdiagnosticsd
System/Library/PrivateFrameworks/PowerlogCore.framework/PlugIns/com.apple.PowerlogCore.diagnosticextension.appex/com.apple.PowerlogCore.diagnosticextension
System/Library/PrivateFrameworks/MapsSupport.framework/mapspushd
System/Library/PrivateFrameworks/MapsSupport.framework/nanomapscd
System/Library/PrivateFrameworks/MapsSupport.framework/geocorrectiond
System/Library/PrivateFrameworks/MapsSupport.framework/navd
System/Library/PrivateFrameworks/CoreAnalytics.framework/Support/analyticsd
System/Library/PrivateFrameworks/IDS.framework/identityservicesd.app/identityservicesd
System/Library/PrivateFrameworks/Search.framework/searchd
System/Library/PrivateFrameworks/Search.framework/PlugIns/SpotlightDiagnostic.appex/SpotlightDiagnostic
System/Library/PrivateFrameworks/TelephonyUtilities.framework/PlugIns/IntentHandler.appex/IntentHandler
System/Library/PrivateFrameworks/TelephonyUtilities.framework/callservicesd
System/Library/PrivateFrameworks/AccountsDaemon.framework/XPCServices/com.apple.accounts.dom.xpc/com.apple.accounts.dom
System/Library/PrivateFrameworks/NotesShared.framework/XPCServices/com.apple.mobilenotes.datastore.xpc/com.apple.mobilenotes.datastore
System/Library/PrivateFrameworks/InstallCoordination.framework/Support/installcoordinationd
System/Library/PrivateFrameworks/HomeSharing.framework/Support/itunescloudd
System/Library/PrivateFrameworks/IAP.framework/Support/iaptransportd
System/Library/PrivateFrameworks/IAP.framework/Support/iapd
System/Library/PrivateFrameworks/IAP.framework/Support/iap2d
System/Library/PrivateFrameworks/VectorKit.framework/mapinspectord
System/Library/PrivateFrameworks/CloudDocs.framework/PlugIns/com.apple.CloudDocs.MobileDocumentsFileProvider.appex/com.apple.CloudDocs.MobileDocumentsFileProvider
System/Library/PrivateFrameworks/CloudDocs.framework/PlugIns/com.apple.CloudDocs.MobileDocumentsFileProviderUI.appex/com.apple.CloudDocs.MobileDocumentsFileProviderUI
System/Library/PrivateFrameworks/CommunicationsFilter.framework/CMFSyncAgent.app/CMFSyncAgent
System/Library/PrivateFrameworks/MarkupUI.framework/PlugIns/MarkupPhotoExtension.appex/MarkupPhotoExtension
System/Library/PrivateFrameworks/MarkupUI.framework/PlugIns/MarkupPrivateExtension.appex/MarkupPrivateExtension
System/Library/PrivateFrameworks/SOS.framework/sosd
System/Library/PrivateFrameworks/DataMigration.framework/XPCServices/com.apple.datamigrator.xpc/com.apple.datamigrator
System/Library/PrivateFrameworks/DataMigration.framework/XPCServices/com.apple.migrationpluginwrapper.xpc/com.apple.migrationpluginwrapper
System/Library/PrivateFrameworks/FamilyCircle.framework/familycircled
System/Library/PrivateFrameworks/BarcodeSupport.framework/PlugIns/com.apple.BarcodeSupport.BarcodeNotificationExtension.appex/com.apple.BarcodeSupport.BarcodeNotificationExtension
System/Library/PrivateFrameworks/BarcodeSupport.framework/XPCServices/com.apple.BarcodeSupport.ParsingService.xpc/com.apple.BarcodeSupport.ParsingService
System/Library/PrivateFrameworks/BarcodeSupport.framework/XPCServices/com.apple.BarcodeSupport.BarcodeNotificationService.xpc/com.apple.BarcodeSupport.BarcodeNotificationService
System/Library/PrivateFrameworks/CoreRecents.framework/recentsd
System/Library/PrivateFrameworks/SetupAssistant.framework/budd
System/Library/PrivateFrameworks/UserActivity.framework/PlugIns/UASharedPasteboardiOSUI.appex/UASharedPasteboardiOSUI
System/Library/PrivateFrameworks/UserActivity.framework/Agents/useractivityd
System/Library/PrivateFrameworks/AGXCompilerConnection.framework/XPCServices/AGXCompilerService.xpc/AGXCompilerService
System/Library/PrivateFrameworks/MediaRemote.framework/Support/mediaremoted
System/Library/PrivateFrameworks/NotesUI.framework/XPCServices/com.apple.mobilenotes.NotesImporter.xpc/com.apple.mobilenotes.NotesImporter
System/Library/PrivateFrameworks/NotesUI.framework/XPCServices/com.apple.mobilenotes.HTMLConverter.xpc/com.apple.mobilenotes.HTMLConverter
System/Library/PrivateFrameworks/MediaServices.framework/Support/mediaartworkd
System/Library/PrivateFrameworks/MapsSuggestions.framework/destinationd
System/Library/PrivateFrameworks/CompanionCamera.framework/Support/companioncamerad
System/Library/PrivateFrameworks/StoreBookkeeperClient.framework/Support/storebookkeeperd
System/Library/PrivateFrameworks/Pasteboard.framework/Support/pasted
System/Library/PrivateFrameworks/CoreSuggestions.framework/Tools/suggest_tool
System/Library/PrivateFrameworks/CoreSuggestions.framework/reversetemplated
System/Library/PrivateFrameworks/CoreSuggestions.framework/suggestd
System/Library/PrivateFrameworks/ToneLibrary.framework/XPCServices/com.apple.tonelibraryd.xpc/com.apple.tonelibraryd
System/Library/PrivateFrameworks/NanoMailKitServer.framework/nanomailbootstrapd
System/Library/PrivateFrameworks/PassKitCore.framework/passd
System/Library/PrivateFrameworks/AppleAccountUI.framework/PlugIns/AAUIFollowUpExtension.appex/AAUIFollowUpExtension
System/Library/PrivateFrameworks/IMTransferServices.framework/IMTransferAgent.app/IMTransferAgent
System/Library/PrivateFrameworks/ChatKit.framework/companionmessagesd
System/Library/PrivateFrameworks/DictionaryServices.framework/XPCServices/com.apple.DictionaryServiceHelper.xpc/com.apple.DictionaryServiceHelper
System/Library/PrivateFrameworks/FMF.framework/XPCServices/FMFMapXPCService.xpc/FMFMapXPCService
System/Library/PrivateFrameworks/iCloudQuotaDaemon.framework/PlugIns/ICQFollowup.appex/ICQFollowup
System/Library/PrivateFrameworks/CloudKitDaemon.framework/Support/cloudd
System/Library/PrivateFrameworks/Quagga.framework/XPCServices/com.apple.Quagga.Decode.xpc/com.apple.Quagga.Decode
System/Library/PrivateFrameworks/iWorkXPC.framework/XPCServices/iWorkFileFormat.xpc/iWorkFileFormat
System/Library/PrivateFrameworks/AssistantServices.framework/assistant_service
System/Library/PrivateFrameworks/AssistantServices.framework/XPCServices/com.apple.siri.acousticsignature.xpc/com.apple.siri.acousticsignature
System/Library/PrivateFrameworks/AssistantServices.framework/XPCServices/com.apple.siri.analyzer.xpc/com.apple.siri.analyzer
System/Library/PrivateFrameworks/AssistantServices.framework/XPCServices/com.apple.siri.embeddedspeech.xpc/com.apple.siri.embeddedspeech
System/Library/PrivateFrameworks/AssistantServices.framework/XPCServices/com.apple.siri.ClientFlow.ClientScripter.xpc/com.apple.siri.ClientFlow.ClientScripter
System/Library/PrivateFrameworks/AssistantServices.framework/XPCServices/DeepSyncVerification.xpc/DeepSyncVerification
System/Library/PrivateFrameworks/AssistantServices.framework/assistantd
System/Library/PrivateFrameworks/NanoPassKit.framework/NPKCompanionAgent
System/Library/PrivateFrameworks/MobileSoftwareUpdate.framework/Support/softwareupdated
System/Library/PrivateFrameworks/MobileSoftwareUpdate.framework/XPCServices/com.apple.MobileSoftwareUpdate.CleanupPreparePathService.xpc/com.apple.MobileSoftwareUpdate.CleanupPreparePathService
System/Library/PrivateFrameworks/IMFoundation.framework/IMLoggingAgent
System/Library/PrivateFrameworks/IMFoundation.framework/XPCServices/IMRemoteURLConnectionAgent.xpc/IMRemoteURLConnectionAgent
System/Library/PrivateFrameworks/CertUI.framework/certui_relay
System/Library/PrivateFrameworks/Symptoms.framework/PlugIns/SFDiagnosticExtension.appex/SFDiagnosticExtension
System/Library/PrivateFrameworks/IDSFoundation.framework/IDSRemoteURLConnectionAgent.app/IDSRemoteURLConnectionAgent
System/Library/PrivateFrameworks/IDSFoundation.framework/IDSCredentialsAgent.app/IDSCredentialsAgent
System/Library/PrivateFrameworks/AccountNotification.framework/and
System/Library/PrivateFrameworks/CloudPhotoLibrary.framework/Support/cloudphotod
System/Library/PrivateFrameworks/CloudPhotoLibrary.framework/XPCServices/com.apple.Photos.CPLDiagnose.xpc/com.apple.Photos.CPLDiagnose
System/Library/PrivateFrameworks/TVRemoteCore.framework/XPCServices/TVRemoteConnectionService.xpc/TVRemoteConnectionService
System/Library/PrivateFrameworks/ContactsDonation.framework/Versions/A/Support/contactsdonationagent
System/Library/PrivateFrameworks/AppPredictionWidget.framework/PlugIns/AppPredictionWidget.appex/AppPredictionWidget
System/Library/PrivateFrameworks/MobileInstallation.framework/XPCServices/com.apple.MobileInstallationHelperService.xpc/com.apple.MobileInstallationHelperService
System/Library/PrivateFrameworks/Accessibility.framework/Frameworks/AccessibilityUI.framework/XPCServices/com.apple.accessibility.AccessibilityUIServer.xpc/com.apple.accessibility.AccessibilityUIServer
System/Library/PrivateFrameworks/Accessibility.framework/Frameworks/AXHearingSupport.framework/XPCServices/heard.xpc/heard
System/Library/PrivateFrameworks/SignpostNotification.framework/XPCServices/signpost_notificationd.xpc/signpost_notificationd
System/Library/PrivateFrameworks/AppConduit.framework/Support/appconduitd
System/Library/PrivateFrameworks/VideoSubscriberAccountUI.framework/PlugIns/VideoSubscriberAccountAuthenticationExtension.appex/VideoSubscriberAccountAuthenticationExtension
System/Library/PrivateFrameworks/CoreRoutine.framework/PlugIns/RTDiagnosticExtension.appex/RTDiagnosticExtension
System/Library/PrivateFrameworks/PairingProximity.framework/XPCServices/com.apple.Bridge.ppNotifierService.xpc/com.apple.Bridge.ppNotifierService
System/Library/PrivateFrameworks/MobileContainerManager.framework/Support/containermanagerd
System/Library/PrivateFrameworks/CloudDocsDaemon.framework/PlugIns/CloudDocsDiagnostic.appex/CloudDocsDiagnostic
System/Library/PrivateFrameworks/CloudDocsDaemon.framework/bird
System/Library/PrivateFrameworks/CloudDocsDaemon.framework/XPCServices/ContainerMetadataExtractor.xpc/ContainerMetadataExtractor
System/Library/PrivateFrameworks/GameCenterUI.framework/PlugIns/GameCenterDashboardExtension.appex/GameCenterDashboardExtension
System/Library/PrivateFrameworks/GameCenterUI.framework/PlugIns/GameCenterMatchmakerExtension.appex/GameCenterMatchmakerExtension
System/Library/PrivateFrameworks/GameCenterUI.framework/PlugIns/GameCenterChallengeIssueExtension.appex/GameCenterChallengeIssueExtension
System/Library/PrivateFrameworks/GameCenterUI.framework/PlugIns/GameCenterAuthenticateExtension.appex/GameCenterAuthenticateExtension
System/Library/PrivateFrameworks/GameCenterUI.framework/PlugIns/GameCenterTurnBasedMatchmakerExtension.appex/GameCenterTurnBasedMatchmakerExtension
System/Library/PrivateFrameworks/ContextKit.framework/XPCServices/ContextService.xpc/ContextService
System/Library/PrivateFrameworks/TouchRemote.framework/Support/touchsetupd
System/Library/PrivateFrameworks/CoreCDP.framework/cdpd
System/Library/PrivateFrameworks/CameraUI.framework/Support/nebulad
System/Library/PrivateFrameworks/iTunesStore.framework/Support/itunesstored
System/Library/PrivateFrameworks/ProtectedCloudStorage.framework/Helpers/ProtectedCloudKeySyncing
System/Library/PrivateFrameworks/NanoBackup.framework/nanobackupd
System/Library/PrivateFrameworks/AdminLite.framework/Resources/AdminLiteTool
System/Library/PrivateFrameworks/WatchListKit.framework/Support/watchlistd
System/Library/PrivateFrameworks/IMAVCore.framework/imavagent.app/imavagent
System/Library/PrivateFrameworks/CoreSymbolication.framework/coresymbolicationd
System/Library/PrivateFrameworks/GenerationalStorage.framework/revisiond
System/Library/PrivateFrameworks/SyncedDefaults.framework/Support/syncdefaultsd
System/Library/PrivateFrameworks/BookLibrary.framework/Support/bookassetd
System/Library/PrivateFrameworks/SafariShared.framework/XPCServices/com.apple.Safari.ImageDecoder.xpc/com.apple.Safari.ImageDecoder
System/Library/PrivateFrameworks/SafariShared.framework/XPCServices/com.apple.Safari.History.xpc/com.apple.Safari.History
System/Library/PrivateFrameworks/MobileBackup.framework/PlugIns/MBFollowUpExtension.appex/MBFollowUpExtension
System/Library/PrivateFrameworks/MobileBackup.framework/PlugIns/MBDiagnosticExtension.appex/MBDiagnosticExtension
System/Library/PrivateFrameworks/MobileBackup.framework/MobileBackupCacheDeleteService
System/Library/PrivateFrameworks/MobileBackup.framework/backupd
System/Library/PrivateFrameworks/MobileBackup.framework/XPCServices/MBHelperService.xpc/MBHelperService
System/Library/PrivateFrameworks/iCloudNotification.framework/ind
System/Library/PrivateFrameworks/AggregateDictionary.framework/Support/addaily
System/Library/PrivateFrameworks/AggregateDictionary.framework/Support/aggregated
System/Library/PrivateFrameworks/DiskSpaceDiagnostics.framework/PlugIns/DiskSpaceDiagnosticsExtension.appex/DiskSpaceDiagnosticsExtension
System/Library/PrivateFrameworks/DiskSpaceDiagnostics.framework/XPCServices/FilesystemMetadataSnapshotService.xpc/FilesystemMetadataSnapshotService
System/Library/PrivateFrameworks/Sharing.framework/PlugIns/AirDropDiagnostic.appex/AirDropDiagnostic
System/Library/PrivateFrameworks/Sharing.framework/PlugIns/ContinuityRemote.appex/ContinuityRemote
System/Library/PrivateFrameworks/IMDPersistence.framework/IMAutomaticHistoryDeletionAgent.app/IMAutomaticHistoryDeletionAgent
System/Library/PrivateFrameworks/IMDPersistence.framework/XPCServices/IMDPersistenceAgent.xpc/IMDPersistenceAgent
System/Library/PrivateFrameworks/NanoPreferencesSync.framework/nanoprefsyncd
System/Library/PrivateFrameworks/SoftwareUpdateServices.framework/Support/softwareupdateservicesd
System/Library/PrivateFrameworks/StreamingZip.framework/XPCServices/com.apple.StreamingUnzipService.xpc/com.apple.StreamingUnzipService
System/Library/PrivateFrameworks/MediaStream.framework/Support/mstreamd
System/Library/PrivateFrameworks/UpNextWidget.framework/PlugIns/UpNext.appex/UpNext
System/Library/PrivateFrameworks/CryptoTokenKit.framework/PlugIns/setoken.appex/setoken
System/Library/PrivateFrameworks/CryptoTokenKit.framework/ctkd
System/Library/PrivateFrameworks/MobileAccessoryUpdater.framework/Support/fud
System/Library/PrivateFrameworks/MusicLibrary.framework/Support/medialibraryd
System/Library/PrivateFrameworks/HomeKitDaemon.framework/Support/homed
System/Library/PrivateFrameworks/WelcomeKit.framework/matd
System/Library/PrivateFrameworks/TelephonyUI.framework/PlugIns/FavoritesTodayWidget.appex/FavoritesTodayWidget
System/Library/PrivateFrameworks/NewsDaemon.framework/newsd
System/Library/Frameworks/SafariServices.framework/XPCServices/com.apple.SafariServices.ContentBlockerLoader.xpc/com.apple.SafariServices.ContentBlockerLoader
System/Library/Frameworks/Metal.framework/XPCServices/MTLCompilerService.xpc/MTLCompilerService
System/Library/Frameworks/GSS.framework/Helpers/GSSCred
System/Library/Frameworks/ExternalAccessory.framework/PlugIns/com.apple.ExternalAccessory.WACUI.appex/com.apple.ExternalAccessory.WACUI
System/Library/Frameworks/MediaPlayer.framework/PlugIns/MediaPlayerDiagnosticExtension.appex/MediaPlayerDiagnosticExtension
System/Library/Frameworks/UIKit.framework/PlugIns/com.apple.UIKit.screenpicker.appex/com.apple.UIKit.screenpicker
System/Library/Frameworks/UIKit.framework/PlugIns/com.apple.UIKit.ShareUI.appex/com.apple.UIKit.ShareUI
System/Library/Frameworks/UIKit.framework/XPCServices/com.apple.UIKit.KeyboardManagement.xpc/com.apple.UIKit.KeyboardManagement
System/Library/Frameworks/HomeKit.framework/PlugIns/HomeKitDiagnosticExtension.appex/HomeKitDiagnosticExtension
System/Library/Frameworks/Security.framework/CircleJoinRequested/CircleJoinRequested
System/Library/Frameworks/Security.framework/KeychainSyncingOverIDSProxy.bundle/KeychainSyncingOverIDSProxy
System/Library/Frameworks/Security.framework/swcagent
System/Library/Frameworks/Security.framework/CloudKeychainProxy.bundle/CloudKeychainProxy
System/Library/Frameworks/Contacts.framework/PlugIns/ContactsCoreSpotlightExtension.appex/ContactsCoreSpotlightExtension
System/Library/Frameworks/Contacts.framework/Support/contactsd
System/Library/Frameworks/ReplayKit.framework/PlugIns/RPBroadcastActivityViewControllerExtension.appex/RPBroadcastActivityViewControllerExtension
System/Library/Frameworks/ReplayKit.framework/PlugIns/RPVideoEditorExtension.appex/RPVideoEditorExtension
System/Library/Frameworks/MobileCoreServices.framework/XPCServices/lsdiconservice.xpc/lsdiconservice
System/Library/Frameworks/Intents.framework/XPCServices/intents_image_service.xpc/intents_image_service
System/Library/Frameworks/VideoSubscriberAccount.framework/Support/VideoSubscriberAccountBulletind
System/Library/Frameworks/VideoSubscriberAccount.framework/XPCServices/com.apple.VideoSubscriberAccount.DeveloperService.xpc/com.apple.VideoSubscriberAccount.DeveloperService
System/Library/Frameworks/VideoSubscriberAccount.framework/XPCServices/com.apple.VideoSubscriberAccount.PrivacyService.xpc/com.apple.VideoSubscriberAccount.PrivacyService
System/Library/Frameworks/HealthKit.framework/healthd
System/Library/Frameworks/WebKit.framework/XPCServices/com.apple.WebKit.Networking.xpc/com.apple.WebKit.Networking
System/Library/Frameworks/WebKit.framework/XPCServices/com.apple.WebKit.Databases.xpc/com.apple.WebKit.Databases
System/Library/Frameworks/WebKit.framework/XPCServices/com.apple.WebKit.WebContent.xpc/com.apple.WebKit.WebContent
System/Library/Frameworks/SystemConfiguration.framework/SCHelper
System/Library/Frameworks/CoreTelephony.framework/PlugIns/CTFollowUpExtension.appex/CTFollowUpExtension
System/Library/Frameworks/CoreTelephony.framework/Support/CommCenterMobileHelper
System/Library/Frameworks/CoreTelephony.framework/Support/CommCenter
System/Library/Frameworks/CoreTelephony.framework/Support/DMHelper
System/Library/Frameworks/CoreTelephony.framework/Support/CommCenterRootHelper
System/Library/Frameworks/AssetsLibrary.framework/Support/assetsd
System/Library/Frameworks/FileProvider.framework/PlugIns/FPSpotlightIndexer.appex/FPSpotlightIndexer
System/Library/Frameworks/FileProvider.framework/PlugIns/LocalStorageFileProvider.appex/LocalStorageFileProvider
System/Library/Frameworks/FileProvider.framework/Support/fileproviderd
System/Library/Frameworks/Social.framework/XPCServices/com.apple.twitter.xpc/com.apple.twitter
System/Library/Frameworks/Social.framework/XPCServices/com.apple.weibo.xpc/com.apple.weibo
System/Library/Frameworks/Social.framework/XPCServices/com.apple.facebook.xpc/com.apple.facebook
System/Library/Frameworks/Social.framework/XPCServices/com.apple.tencentweibo.xpc/com.apple.tencentweibo
System/Library/Frameworks/IdentityLookup.framework/XPCServices/com.apple.IdentityLookup.MessageFilter.xpc/com.apple.IdentityLookup.MessageFilter
System/Library/Frameworks/WatchKit.framework/Support/companionappd
System/Library/Frameworks/Accounts.framework/accountsd
System/Library/Frameworks/QuickLook.framework/PlugIns/com.apple.quicklook.extension.previewUI.appex/com.apple.quicklook.extension.previewUI
System/Library/Frameworks/AudioToolbox.framework/PlugIns/com.apple.audio.DiagnosticExtension.appex/com.apple.audio.DiagnosticExtension
System/Library/Frameworks/ContactsUI.framework/PlugIns/ContactsViewService.appex/ContactsViewService
System/Library/Frameworks/ContactsUI.framework/PlugIns/ContactViewViewService.appex/ContactViewViewService
System/Library/Frameworks/LocalAuthentication.framework/Support/coreauthd
System/Library/Frameworks/NetworkExtension.framework/PlugIns/NEIKEv2Provider.appex/NEIKEv2Provider
System/Library/Frameworks/MediaAccessibility.framework/XPCServices/com.apple.accessibility.mediaaccessibilityd.xpc/com.apple.accessibility.mediaaccessibilityd
System/Library/Frameworks/MapKit.framework/XPCServices/com.apple.MapKit.SnapshotService.xpc/com.apple.MapKit.SnapshotService
System/Library/Frameworks/CallKit.framework/XPCServices/com.apple.CallKit.CallDirectory.xpc/com.apple.CallKit.CallDirectory
System/Library/Frameworks/CallKit.framework/XPCServices/com.apple.CallKit.CallDirectoryMaintenance.xpc/com.apple.CallKit.CallDirectoryMaintenance
System/Library/Frameworks/AVKit.framework/XPCServices/SharedPreferences.xpc/SharedPreferences
System/Library/Frameworks/AddressBook.framework/Support/ABDatabaseDoctor
System/Library/Frameworks/CFNetwork.framework/AuthBrokerAgent
System/Library/Frameworks/CFNetwork.framework/CFNetworkAgent
System/Library/Frameworks/CoreMIDI.framework/MIDIServer
System/Library/Frameworks/PassKit.framework/PlugIns/ApplePayDiagnostics.appex/ApplePayDiagnostics
System/Library/Frameworks/PassKit.framework/PlugIns/PassKitIntentsUIExtension.appex/PassKitIntentsUIExtension
System/Library/Frameworks/PassKit.framework/PlugIns/PassKitIntentsExtension.appex/PassKitIntentsExtension
System/Library/Frameworks/EventKitUI.framework/PlugIns/CalendarSpotlight.appex/CalendarSpotlight
System/Library/Filesystems/msdos.fs/Contents/Resources/fsck_msdos
System/Library/Filesystems/hfs.fs/Contents/Resources/mount_hfs
System/Library/Filesystems/hfs.fs/Contents/Resources/fsck_hfs
System/Library/Filesystems/hfs.fs/Contents/Resources/hfs.util
System/Library/Filesystems/hfs.fs/Contents/Resources/CopyHFSMeta
System/Library/Filesystems/hfs.fs/Contents/Resources/newfs_hfs
System/Library/Filesystems/exfat.fs/Contents/Resources/fsck_exfat
System/Library/Filesystems/apfs.fs/mount_apfs
System/Library/Filesystems/apfs.fs/slurpAPFSMeta
System/Library/Filesystems/apfs.fs/apfs_stats
System/Library/Filesystems/apfs.fs/fsck_apfs
System/Library/Filesystems/apfs.fs/newfs_apfs
System/Library/Filesystems/apfs.fs/apfs.util
private/var/staged_system_apps/Music.app/Music
private/var/staged_system_apps/Music.app/PlugIns/MusicConnectPostExtension.appex/MusicConnectPostExtension
private/var/staged_system_apps/Music.app/PlugIns/RecentlyPlayedTodayExtension.appex/RecentlyPlayedTodayExtension
private/var/staged_system_apps/Music.app/PlugIns/MediaSocialShareService.appex/MediaSocialShareService
private/var/staged_system_apps/Music.app/PlugIns/MusicMessagesApp.appex/MusicMessagesApp
private/var/staged_system_apps/Music.app/PlugIns/StoreFlowExtension.appex/StoreFlowExtension
private/var/staged_system_apps/Music.app/PlugIns/MusicCoreSpotlightExtension.appex/MusicCoreSpotlightExtension
private/var/staged_system_apps/Bridge.app/Bridge
private/var/staged_system_apps/Files.app/PlugIns/RecentsWidget.appex/RecentsWidget
private/var/staged_system_apps/Files.app/Files
private/var/staged_system_apps/MobileStore.app/MobileStore
private/var/staged_system_apps/MobileStore.app/XPCServices/com.apple.MobileStore.appremoval.xpc/com.apple.MobileStore.appremoval
private/var/staged_system_apps/MobileMail.app/PlugIns/MailCacheDeleteExtension.appex/MailCacheDeleteExtension
private/var/staged_system_apps/MobileMail.app/PlugIns/DiagnosticExtension.appex/DiagnosticExtension
private/var/staged_system_apps/MobileMail.app/PlugIns/MailSpotlightIndexExtension.appex/MailSpotlightIndexExtension
private/var/staged_system_apps/MobileMail.app/PlugIns/MailVIPWidget.appex/MailVIPWidget
private/var/staged_system_apps/MobileMail.app/PlugIns/MailQuicklookExtension.appex/MailQuicklookExtension
private/var/staged_system_apps/MobileMail.app/MobileMail
private/var/staged_system_apps/Weather.app/PlugIns/WeatherAppTodayWidget.appex/WeatherAppTodayWidget
private/var/staged_system_apps/Weather.app/Weather
private/var/staged_system_apps/Home.app/Home
private/var/staged_system_apps/Home.app/PlugIns/HomeNotification.appex/HomeNotification
private/var/staged_system_apps/Home.app/PlugIns/HomeIntentExtension.appex/HomeIntentExtension
private/var/staged_system_apps/iBooks.app/iBooks
private/var/staged_system_apps/iBooks.app/PlugIns/iBooksSpotlightExtension.appex/iBooksSpotlightExtension
private/var/staged_system_apps/iBooks.app/XPCServices/XPCUbiquityDisableService.xpc/XPCUbiquityDisableService
private/var/staged_system_apps/News.app/PlugIns/ArticleNotificationExtension.appex/ArticleNotificationExtension
private/var/staged_system_apps/News.app/PlugIns/NewsToday.appex/NewsToday
private/var/staged_system_apps/News.app/PlugIns/News Diagnostic Extension.appex/News Diagnostic Extension
private/var/staged_system_apps/News.app/PlugIns/NewsArticleQuickLook.appex/NewsArticleQuickLook
private/var/staged_system_apps/News.app/PlugIns/OpenInNews.appex/OpenInNews
private/var/staged_system_apps/News.app/PlugIns/ArticleNotificationServiceExtension.appex/ArticleNotificationServiceExtension
private/var/staged_system_apps/News.app/News
private/var/staged_system_apps/MobileCal.app/PlugIns/CalendarNotifications.appex/CalendarNotifications
private/var/staged_system_apps/MobileCal.app/PlugIns/CalendarDiagnosticExtension.appex/CalendarDiagnosticExtension
private/var/staged_system_apps/MobileCal.app/PlugIns/CalendarWidget.appex/CalendarWidget
private/var/staged_system_apps/MobileCal.app/MobileCal
private/var/staged_system_apps/Podcasts.app/PlugIns/com.apple.podcasts.DiagnosticExtension.appex/com.apple.podcasts.DiagnosticExtension
private/var/staged_system_apps/Podcasts.app/PlugIns/PodcastsPodcastsTodayExtension.appex/PodcastsPodcastsTodayExtension
private/var/staged_system_apps/Podcasts.app/PlugIns/com.apple.podcasts.SpotlightIndexExtension.appex/com.apple.podcasts.SpotlightIndexExtension
private/var/staged_system_apps/Podcasts.app/Podcasts
private/var/staged_system_apps/MobileNotes.app/MobileNotes
private/var/staged_system_apps/MobileNotes.app/PlugIns/com.apple.mobilenotes.TodayExtension.appex/com.apple.mobilenotes.TodayExtension
private/var/staged_system_apps/MobileNotes.app/PlugIns/com.apple.mobilenotes.QuickLookExtension.appex/com.apple.mobilenotes.QuickLookExtension
private/var/staged_system_apps/MobileNotes.app/PlugIns/com.apple.mobilenotes.IntentsExtension.appex/com.apple.mobilenotes.IntentsExtension
private/var/staged_system_apps/MobileNotes.app/PlugIns/com.apple.mobilenotes.SharingExtension.appex/com.apple.mobilenotes.SharingExtension
private/var/staged_system_apps/MobileNotes.app/PlugIns/com.apple.mobilenotes.SpotlightIndexExtension.appex/com.apple.mobilenotes.SpotlightIndexExtension
private/var/staged_system_apps/TV.app/PlugIns/TVTodayExtension.appex/TVTodayExtension
private/var/staged_system_apps/TV.app/TV
private/var/staged_system_apps/Stocks.app/PlugIns/StocksWidget.appex/StocksWidget
private/var/staged_system_apps/Stocks.app/Stocks
private/var/staged_system_apps/Contacts.app/Contacts
private/var/staged_system_apps/FaceTime.app/FaceTime
private/var/staged_system_apps/Compass.app/Compass
private/var/staged_system_apps/Fitness.app/PlugIns/activity-widget.appex/activity-widget
private/var/staged_system_apps/Fitness.app/Fitness
private/var/staged_system_apps/Maps.app/Maps
private/var/staged_system_apps/Maps.app/PlugIns/TransitWidget.appex/TransitWidget
private/var/staged_system_apps/Maps.app/PlugIns/MapsWidget.appex/MapsWidget
private/var/staged_system_apps/Maps.app/PlugIns/MapsSpotlightIndexExtension.appex/MapsSpotlightIndexExtension
private/var/staged_system_apps/Maps.app/PlugIns/Nearby.appex/Nearby
private/var/staged_system_apps/FindMyFriends.app/PlugIns/FindMyFriendsNotificationServiceExtension.appex/FindMyFriendsNotificationServiceExtension
private/var/staged_system_apps/FindMyFriends.app/PlugIns/FMFTodayWidget.appex/FMFTodayWidget
private/var/staged_system_apps/FindMyFriends.app/PlugIns/FindMyFriendsNotificationContentExtension.appex/FindMyFriendsNotificationContentExtension
private/var/staged_system_apps/FindMyFriends.app/FindMyFriends
private/var/staged_system_apps/Calculator.app/Calculator
private/var/staged_system_apps/VoiceMemos.app/VoiceMemos
private/var/staged_system_apps/VoiceMemos.app/PlugIns/com.apple.VoiceMemos.SpotlightIndexExtension.appex/com.apple.VoiceMemos.SpotlightIndexExtension
private/var/staged_system_apps/Reminders.app/PlugIns/RemindersEditorExtension.appex/RemindersEditorExtension
private/var/staged_system_apps/Reminders.app/PlugIns/RemindersWidget.appex/RemindersWidget
private/var/staged_system_apps/Reminders.app/Reminders
private/var/staged_system_apps/Tips.app/PlugIns/TipsWidgetExtension.appex/TipsWidgetExtension
private/var/staged_system_apps/Tips.app/PlugIns/TipsNotificationExtension.appex/TipsNotificationExtension
private/var/staged_system_apps/Tips.app/Tips
private/var/staged_system_apps/Videos.app/PlugIns/VideosCoreSpotlightExtension.appex/VideosCoreSpotlightExtension
private/var/staged_system_apps/Videos.app/PlugIns/VideosTodayExtension.appex/VideosTodayExtension
private/var/staged_system_apps/Videos.app/Videos
Applications/MobileSMS.app/MobileSMS
Applications/MobileSMS.app/PlugIns/MobileSMSSpotlightImporter.appex/MobileSMSSpotlightImporter
Applications/MobileSMS.app/PlugIns/MessagesAssistantExtension.appex/MessagesAssistantExtension
Applications/MobileSMS.app/PlugIns/MessagesNotificationExtension.appex/MessagesNotificationExtension
Applications/SiriViewService.app/SiriViewService
Applications/PhotosViewService.app/PhotosViewService
Applications/SLGoogleAuth.app/PlugIns/SLGoogleAuthService.appex/SLGoogleAuthService
Applications/SLGoogleAuth.app/SLGoogleAuth
Applications/SLYahooAuth.app/PlugIns/SLYahooAuthService.appex/SLYahooAuthService
Applications/SLYahooAuth.app/SLYahooAuth
Applications/Family.app/Family
Applications/VideoSubscriberAccountViewService.app/VideoSubscriberAccountViewService
Applications/HashtagImages.app/PlugIns/HashtagImagesExtension.appex/HashtagImagesExtension
Applications/HashtagImages.app/HashtagImages
Applications/ServerDocuments.app/PlugIns/ServerDocumentProvider.appex/ServerDocumentProvider
Applications/ServerDocuments.app/PlugIns/ServerFileProvider.appex/ServerFileProvider
Applications/ServerDocuments.app/ServerDocuments
Applications/SoftwareUpdateUIService.app/SoftwareUpdateUIService
Applications/WebSheet.app/WebSheet
Applications/WebContentAnalysisUI.app/WebContentAnalysisUI
Applications/PassbookUIService.app/PlugIns/PeerPaymentMessagesExtension.appex/PeerPaymentMessagesExtension
Applications/PassbookUIService.app/PassbookUIService
Applications/AppStore.app/AppStore
Applications/AppStore.app/PlugIns/ProductPageExtension.appex/ProductPageExtension
Applications/AppStore.app/PlugIns/AppInstallExtension.appex/AppInstallExtension
Applications/AppStore.app/PlugIns/BridgeStoreExtension.appex/BridgeStoreExtension
Applications/Passbook.app/Passbook
Applications/StoreDemoViewService.app/StoreDemoViewService
Applications/ActivityMessagesApp.app/ActivityMessagesApp
Applications/ActivityMessagesApp.app/PlugIns/ActivityMessagesExtension.appex/ActivityMessagesExtension
Applications/HomeUIService.app/HomeUIService
Applications/CoreAuthUI.app/CoreAuthUI
Applications/StoreKitUIService.app/StoreKitUIService
Applications/DDActionsService.app/DDActionsService
Applications/DataActivation.app/DataActivation
Applications/GameCenterUIService.app/GameCenterUIService
Applications/FindMyiPhone.app/FindMyiPhone
Applications/PreBoard.app/PreBoard
Applications/Feedback Assistant iOS.app/Feedback Assistant iOS
Applications/Health.app/PlugIns/HealthShareExtension.appex/HealthShareExtension
Applications/Health.app/PlugIns/com.apple.Health.HealthDiagnosticExtension.appex/com.apple.Health.HealthDiagnosticExtension
Applications/Health.app/Health
Applications/SharingViewService.app/SharingViewService
Applications/Print Center.app/Print Center
Applications/DiagnosticsService.app/DiagnosticsService
Applications/DiagnosticsService.app/PlugIns/Diagnostic-4351.appex/Diagnostic-4351
Applications/DiagnosticsService.app/PlugIns/Diagnostic-3745.appex/Diagnostic-3745
Applications/DiagnosticsService.app/PlugIns/Diagnostic-4154.appex/Diagnostic-4154
Applications/DiagnosticsService.app/PlugIns/Diagnostic-4492-sshb.appex/Diagnostic-4492-sshb
Applications/DiagnosticsService.app/PlugIns/Diagnostic-3909.appex/Diagnostic-3909
Applications/DiagnosticsService.app/PlugIns/Diagnostic-8034.appex/Diagnostic-8034
Applications/DiagnosticsService.app/PlugIns/Diagnostic-8068.appex/Diagnostic-8068
Applications/DiagnosticsService.app/PlugIns/Diagnostic-3743.appex/Diagnostic-3743
Applications/DiagnosticsService.app/PlugIns/Diagnostic-4008.appex/Diagnostic-4008
Applications/DiagnosticsService.app/PlugIns/Diagnostic-3741.appex/Diagnostic-3741
Applications/DiagnosticsService.app/PlugIns/Diagnostic-8035.appex/Diagnostic-8035
Applications/DiagnosticsService.app/PlugIns/Diagnostic-3744.appex/Diagnostic-3744
Applications/DiagnosticsService.app/PlugIns/Diagnostic-4579.appex/Diagnostic-4579
Applications/DiagnosticsService.app/PlugIns/Diagnostic-3738.appex/Diagnostic-3738
Applications/DiagnosticsService.app/PlugIns/Diagnostic-4009.appex/Diagnostic-4009
Applications/DiagnosticsService.app/PlugIns/Diagnostic-4276.appex/Diagnostic-4276
Applications/DiagnosticsService.app/PlugIns/Diagnostic-4446.appex/Diagnostic-4446
Applications/DiagnosticsService.app/PlugIns/Diagnostic-4153.appex/Diagnostic-4153
Applications/DiagnosticsService.app/PlugIns/Diagnostic-3985.appex/Diagnostic-3985
Applications/DiagnosticsService.app/PlugIns/Diagnostic-4007.appex/Diagnostic-4007
Applications/DiagnosticsService.app/PlugIns/Diagnostic-2386.appex/Diagnostic-2386
Applications/DiagnosticsService.app/PlugIns/Diagnostic-4184.appex/Diagnostic-4184
Applications/DiagnosticsService.app/PlugIns/Diagnostic-4534.appex/Diagnostic-4534
Applications/DiagnosticsService.app/PlugIns/Diagnostic-4005.appex/Diagnostic-4005
Applications/DiagnosticsService.app/PlugIns/Diagnostic-3734.appex/Diagnostic-3734
Applications/DiagnosticsService.app/PlugIns/SystemReport-BatteryCase.appex/SystemReport-BatteryCase
Applications/DiagnosticsService.app/PlugIns/Diagnostic-3906.appex/Diagnostic-3906
Applications/DiagnosticsService.app/PlugIns/Diagnostic-4615.appex/Diagnostic-4615
Applications/DiagnosticsService.app/PlugIns/Diagnostic-4180.appex/Diagnostic-4180
Applications/DiagnosticsService.app/PlugIns/Diagnostic-4182.appex/Diagnostic-4182
Applications/DiagnosticsService.app/PlugIns/Diagnostic-3732.appex/Diagnostic-3732
Applications/DiagnosticsService.app/PlugIns/Diagnostic-3904.appex/Diagnostic-3904
Applications/DiagnosticsService.app/PlugIns/Diagnostic-3939.appex/Diagnostic-3939
Applications/DiagnosticsService.app/PlugIns/Diagnostic-4003.appex/Diagnostic-4003
Applications/DiagnosticsService.app/PlugIns/Diagnostic-4359.appex/Diagnostic-4359
Applications/DiagnosticsService.app/PlugIns/Diagnostic-3903.appex/Diagnostic-3903
Applications/DiagnosticsService.app/PlugIns/Diagnostic-4004.appex/Diagnostic-4004
Applications/DiagnosticsService.app/PlugIns/Diagnostic-4006.appex/Diagnostic-4006
Applications/DiagnosticsService.app/PlugIns/Diagnostic-3737.appex/Diagnostic-3737
Applications/DiagnosticsService.app/PlugIns/Diagnostic-2532.appex/Diagnostic-2532
Applications/DiagnosticsService.app/PlugIns/Diagnostic-4183.appex/Diagnostic-4183
Applications/DiagnosticsService.app/PlugIns/Diagnostic-4282.appex/Diagnostic-4282
Applications/DiagnosticsService.app/PlugIns/SystemReport.appex/SystemReport
Applications/DiagnosticsService.app/PlugIns/Diagnostic-4002.appex/Diagnostic-4002
Applications/DiagnosticsService.app/PlugIns/Diagnostic-3940.appex/Diagnostic-3940
Applications/DiagnosticsService.app/PlugIns/Diagnostic-3905.appex/Diagnostic-3905
Applications/DiagnosticsService.app/PlugIns/Diagnostic-3942.appex/Diagnostic-3942
Applications/DiagnosticsService.app/PlugIns/Diagnostic-3907.appex/Diagnostic-3907
Applications/DiagnosticsService.app/PlugIns/Diagnostic-4181.appex/Diagnostic-4181
Applications/TrustMe.app/TrustMe
Applications/BusinessExtensionsWrapper.app/PlugIns/Business.appex/Business
Applications/BusinessExtensionsWrapper.app/BusinessExtensionsWrapper
Applications/CompassCalibrationViewService.app/CompassCalibrationViewService
Applications/MusicUIService.app/MusicUIService
Applications/AdSheet.app/AdSheet
Applications/MobileTimer.app/PlugIns/MobileTimerNotificationExtension.appex/MobileTimerNotificationExtension
Applications/MobileTimer.app/MobileTimer
Applications/FieldTest.app/FieldTest
Applications/MobileSafari.app/PlugIns/com.apple.mobilesafari.SafariDiagnosticExtension.appex/com.apple.mobilesafari.SafariDiagnosticExtension
Applications/MobileSafari.app/MobileSafari
Applications/MobilePhone.app/MobilePhone
Applications/MobilePhone.app/PlugIns/VoicemailMessageNotificationExtension.appex/VoicemailMessageNotificationExtension
Applications/WLAccessService.app/WLAccessService
Applications/ScreenshotServicesService.app/ScreenshotServicesService
Applications/InCallService.app/PlugIns/IntentsUI.appex/IntentsUI
Applications/InCallService.app/InCallService
Applications/iAdOptOut.app/iAdOptOut
Applications/WebApp1.app/WebApp1
Applications/Camera.app/Camera
Applications/Preferences.app/Preferences
Applications/MailCompositionService.app/MailCompositionService
Applications/MessagesViewService.app/MessagesViewService
Applications/DemoApp.app/DemoApp
Applications/CTCarrierSpaceAuth.app/CTCarrierSpaceAuth
Applications/HealthPrivacyService.app/HealthPrivacyService
Applications/ScreenSharingViewService.app/ScreenSharingViewService
Applications/AccountAuthenticationDialog.app/AccountAuthenticationDialog
Applications/MobileSlideShow.app/PlugIns/PhotosDiagnostics.appex/PhotosDiagnostics
Applications/MobileSlideShow.app/PlugIns/PhotosFileProvider.appex/PhotosFileProvider
Applications/MobileSlideShow.app/PlugIns/PhotoPicker.appex/PhotoPicker
Applications/MobileSlideShow.app/PlugIns/PhotosWidget.appex/PhotosWidget
Applications/MobileSlideShow.app/PlugIns/PhotosMemoriesNotificationUpdates.appex/PhotosMemoriesNotificationUpdates
Applications/MobileSlideShow.app/PlugIns/com.apple.social.StreamShareService.appex/com.apple.social.StreamShareService
Applications/MobileSlideShow.app/PlugIns/PhotosNotificationsUpdates.appex/PhotosNotificationsUpdates
Applications/MobileSlideShow.app/MobileSlideShow
Applications/iCloud.app/iCloud
Applications/Diagnostics.app/Diagnostics
Applications/Web.app/Web
Applications/AskPermissionUI.app/AskPermissionUI
Applications/Setup.app/Setup
Applications/ChargingViewService.app/ChargingViewService
Applications/SafariViewService.app/SafariViewService
Applications/CheckerBoard.app/CheckerBoard
Applications/SharedWebCredentialViewService.app/SharedWebCredentialViewService
Applications/DNDBuddy.app/DNDBuddy
Applications/Magnifier.app/Magnifier
