2018-10-24 10:03:54.486 out.exec[9529:257809] ios-command-line-tool
2018-10-24 10:03:54.488 out.exec[9529:257809] id 1: about to run
2018-10-24 10:03:54.488 out.exec[9529:257809] id 1: MachPort: com.apple.siri.vocabularyupdates Method: flushWithCompletion
2018-10-24 10:03:54.495 out.exec[9529:257809] id 1: Invocation has a completion handler
2018-10-24 10:03:54.496 out.exec[9529:257809] id 2: about to run
2018-10-24 10:03:54.496 out.exec[9529:257809] id 2: MachPort: com.apple.siri.vocabularyupdates Method: observeWithCompletion
2018-10-24 10:03:54.498 out.exec[9529:257812] id 1: Connection Terminated
2018-10-24 10:03:54.500 out.exec[9529:257809] id 2: Invocation has a completion handler
2018-10-24 10:03:54.501 out.exec[9529:257809] id 3: about to run
2018-10-24 10:03:54.501 out.exec[9529:257809] id 3: MachPort: com.apple.siri.vocabularyupdates Method: getDevicesWithAvailablePHSAssetsForLanguage
2018-10-24 10:03:54.502 out.exec[9529:257812] id 2: Connection Terminated
2018-10-24 10:03:54.504 out.exec[9529:257809] id 3: Invocation has a completion handler
2018-10-24 10:03:54.505 out.exec[9529:257809] id 4: about to run
2018-10-24 10:03:54.505 out.exec[9529:257809] id 4: MachPort: com.apple.siri.vocabularyupdates Method: disableAndDeleteCloudSyncWithCompletion
2018-10-24 10:03:54.506 out.exec[9529:257812] id 3: Connection Terminated
2018-10-24 10:03:54.509 out.exec[9529:257809] id 4: Invocation has a completion handler
2018-10-24 10:03:54.509 out.exec[9529:257809] id 5: about to run
2018-10-24 10:03:54.509 out.exec[9529:257809] id 5: MachPort: com.apple.siri.vocabularyupdates Method: fetchExperimentContextWithCompletion
2018-10-24 10:03:54.510 out.exec[9529:257812] id 4: Connection Terminated
2018-10-24 10:03:54.512 out.exec[9529:257809] id 5: Invocation has a completion handler
2018-10-24 10:03:54.512 out.exec[9529:257809] id 6: about to run
2018-10-24 10:03:54.513 out.exec[9529:257809] id 6: MachPort: com.apple.siri.vocabularyupdates Method: fetchExperimentConfigurationsWithCompletion
2018-10-24 10:03:54.514 out.exec[9529:257812] id 5: Connection Terminated
2018-10-24 10:03:54.516 out.exec[9529:257809] id 6: Invocation has a completion handler
2018-10-24 10:03:54.516 out.exec[9529:257809] id 7: about to run
2018-10-24 10:03:54.516 out.exec[9529:257809] id 7: MachPort: com.apple.siri.vocabularyupdates Method: sendMetricsToServerWithCompletion
2018-10-24 10:03:54.518 out.exec[9529:257812] id 6: Connection Terminated
2018-10-24 10:03:54.520 out.exec[9529:257809] id 7: Invocation has a completion handler
2018-10-24 10:03:54.520 out.exec[9529:257809] id 8: about to run
2018-10-24 10:03:54.520 out.exec[9529:257809] id 8: MachPort: com.apple.siri.vocabularyupdates Method: resetAnalyticsStoreWithCompletion
2018-10-24 10:03:54.522 out.exec[9529:257812] id 7: Connection Terminated
2018-10-24 10:03:54.523 out.exec[9529:257809] id 8: Invocation has a completion handler
2018-10-24 10:03:54.524 out.exec[9529:257809] id 9: about to run
2018-10-24 10:03:54.524 out.exec[9529:257809] id 9: MachPort: com.apple.siri.vocabularyupdates Method: purgeAnalyticsStoreWithCompletion
2018-10-24 10:03:54.525 out.exec[9529:257812] id 8: Connection Terminated
2018-10-24 10:03:54.527 out.exec[9529:257809] id 9: Invocation has a completion handler
2018-10-24 10:03:54.528 out.exec[9529:257809] id 10: about to run
2018-10-24 10:03:54.528 out.exec[9529:257809] id 10: MachPort: com.apple.siri.vocabularyupdates Method: fetchEventRecordsFromAnalyticsStoreAtPath
2018-10-24 10:03:54.529 out.exec[9529:257812] id 9: Connection Terminated
2018-10-24 10:03:54.532 out.exec[9529:257809] id 10: Invocation has a completion handler
2018-10-24 10:03:54.532 out.exec[9529:257809] id 11: about to run
2018-10-24 10:03:54.532 out.exec[9529:257809] id 11: MachPort: com.apple.siri.vocabularyupdates Method: setDESPolicyCDNOverride
2018-10-24 10:03:54.533 out.exec[9529:257812] id 10: Connection Terminated
2018-10-24 10:03:54.535 out.exec[9529:257809] id 11: Invocation has a completion handler
2018-10-24 10:03:54.535 out.exec[9529:257809] id 12: about to run
2018-10-24 10:03:54.536 out.exec[9529:257809] id 12: MachPort: com.apple.siri.vocabularyupdates Method: disableDESWithCompletion
2018-10-24 10:03:54.537 out.exec[9529:257812] id 11: Connection Terminated
2018-10-24 10:03:54.540 out.exec[9529:257809] id 12: Invocation has a completion handler
2018-10-24 10:03:54.540 out.exec[9529:257809] id 13: about to run
2018-10-24 10:03:54.540 out.exec[9529:257809] id 13: MachPort: com.apple.siri.vocabularyupdates Method: setDESLotteryWinOverrideEnabled
2018-10-24 10:03:54.542 out.exec[9529:257812] id 12: Connection Terminated
2018-10-24 10:03:54.544 out.exec[9529:257809] id 13: Invocation has a completion handler
2018-10-24 10:03:54.544 out.exec[9529:257809] id 14: about to run
2018-10-24 10:03:54.544 out.exec[9529:257809] id 14: MachPort: com.apple.siri.vocabularyupdates Method: setDESRecordingAlwaysIsEnabled
2018-10-24 10:03:54.546 out.exec[9529:257812] id 13: Connection Terminated
2018-10-24 10:03:54.548 out.exec[9529:257809] id 14: Invocation has a completion handler
2018-10-24 10:03:54.548 out.exec[9529:257809] id 15: about to run
2018-10-24 10:03:54.548 out.exec[9529:257809] id 15: MachPort: com.apple.siri.vocabularyupdates Method: runLiveAdaptationRecipeEvaluationWithBaseURL
2018-10-24 10:03:54.549 out.exec[9529:257812] id 14: Connection Terminated
2018-10-24 10:03:54.551 out.exec[9529:257809] id 15: Invocation has a completion handler
2018-10-24 10:03:54.552 out.exec[9529:257809] id 16: about to run
2018-10-24 10:03:54.552 out.exec[9529:257809] id 16: MachPort: com.apple.siri.vocabularyupdates Method: runAdaptationRecipeEvaluation
2018-10-24 10:03:54.553 out.exec[9529:257812] id 15: Connection Terminated
2018-10-24 10:03:54.555 out.exec[9529:257809] id 16: Invocation has a completion handler
2018-10-24 10:03:54.555 out.exec[9529:257809] id 17: about to run
2018-10-24 10:03:54.555 out.exec[9529:257809] id 17: MachPort: com.apple.siri.vocabularyupdates Method: stopAllAudioPlaybackRequests
2018-10-24 10:03:54.557 out.exec[9529:257812] id 16: Connection Terminated
2018-10-24 10:03:54.559 out.exec[9529:257809] id 18: about to run
2018-10-24 10:03:54.559 out.exec[9529:257809] id 18: MachPort: com.apple.siri.vocabularyupdates Method: stopAudioPlaybackRequest
2018-10-24 10:03:54.560 out.exec[9529:257812] id 17: Connection Terminated
2018-10-24 10:03:54.562 out.exec[9529:257809] id 19: about to run
2018-10-24 10:03:54.563 out.exec[9529:257809] id 19: MachPort: com.apple.siri.vocabularyupdates Method: startAudioPlaybackRequest
2018-10-24 10:03:54.564 out.exec[9529:257812] id 18: Connection Terminated
2018-10-24 10:03:54.566 out.exec[9529:257809] id 19: Invocation has a completion handler
2018-10-24 10:03:54.566 out.exec[9529:257809] id 20: about to run
2018-10-24 10:03:54.566 out.exec[9529:257809] id 20: MachPort: com.apple.siri.vocabularyupdates Method: getPeerIdentifiers
2018-10-24 10:03:54.568 out.exec[9529:257812] id 19: Connection Terminated
2018-10-24 10:03:54.570 out.exec[9529:257809] id 20: Invocation has a completion handler
2018-10-24 10:03:54.570 out.exec[9529:257809] id 21: about to run
2018-10-24 10:03:54.570 out.exec[9529:257809] id 21: MachPort: com.apple.siri.vocabularyupdates Method: startRemoteRequest
2018-10-24 10:03:54.571 out.exec[9529:257810] id 20: Connection Terminated
2018-10-24 10:03:54.574 out.exec[9529:257809] id 21: Invocation has a completion handler
2018-10-24 10:03:54.574 out.exec[9529:257809] id 22: about to run
2018-10-24 10:03:54.574 out.exec[9529:257809] id 22: MachPort: com.apple.siri.vocabularyupdates Method: startUIRequestWithSpeechAudioFileURL
2018-10-24 10:03:54.575 out.exec[9529:257810] id 21: Connection Terminated
2018-10-24 10:03:54.577 out.exec[9529:257809] id 23: about to run
2018-10-24 10:03:54.578 out.exec[9529:257809] id 23: MachPort: com.apple.siri.vocabularyupdates Method: startUIRequestWithText
2018-10-24 10:03:54.579 out.exec[9529:257810] id 22: Connection Terminated
2018-10-24 10:03:54.581 out.exec[9529:257809] id 24: about to run
2018-10-24 10:03:54.581 out.exec[9529:257809] id 24: MachPort: com.apple.siri.vocabularyupdates Method: setOfflineDictationProfileOverridePath
2018-10-24 10:03:54.582 out.exec[9529:257810] id 23: Connection Terminated
2018-10-24 10:03:54.584 out.exec[9529:257809] id 24: Invocation has a completion handler
2018-10-24 10:03:54.585 out.exec[9529:257809] id 25: about to run
2018-10-24 10:03:54.585 out.exec[9529:257809] id 25: MachPort: com.apple.siri.vocabularyupdates Method: createOfflineSpeechProfileWithLanguage
2018-10-24 10:03:54.586 out.exec[9529:257810] id 24: Connection Terminated
2018-10-24 10:03:54.588 out.exec[9529:257809] id 25: Invocation has a completion handler
2018-10-24 10:03:54.588 out.exec[9529:257809] id 26: about to run
2018-10-24 10:03:54.588 out.exec[9529:257809] id 26: MachPort: com.apple.siri.vocabularyupdates Method: updateOfflineSpeechProfileWithLanguage
2018-10-24 10:03:54.590 out.exec[9529:257810] id 25: Connection Terminated
2018-10-24 10:03:54.592 out.exec[9529:257809] id 26: Invocation has a completion handler
2018-10-24 10:03:54.592 out.exec[9529:257809] id 27: about to run
2018-10-24 10:03:54.592 out.exec[9529:257809] id 27: MachPort: com.apple.siri.vocabularyupdates Method: getOfflineDictationStatusWithCompletion
2018-10-24 10:03:54.593 out.exec[9529:257810] id 26: Connection Terminated
2018-10-24 10:03:54.595 out.exec[9529:257809] id 27: Invocation has a completion handler
2018-10-24 10:03:54.596 out.exec[9529:257809] id 28: about to run
2018-10-24 10:03:54.596 out.exec[9529:257809] id 28: MachPort: com.apple.siri.vocabularyupdates Method: setLanguage
2018-10-24 10:03:54.597 out.exec[9529:257810] id 27: Connection Terminated
2018-10-24 10:03:54.599 out.exec[9529:257809] id 28: Invocation has a completion handler
2018-10-24 10:03:54.599 out.exec[9529:257809] id 29: about to run
2018-10-24 10:03:54.600 out.exec[9529:257809] id 29: MachPort: com.apple.siri.vocabularyupdates Method: setOutputVoice
2018-10-24 10:03:54.601 out.exec[9529:257810] id 28: Connection Terminated
2018-10-24 10:03:54.603 out.exec[9529:257809] id 29: Invocation has a completion handler
2018-10-24 10:03:54.603 out.exec[9529:257809] id 30: about to run
2018-10-24 10:03:54.603 out.exec[9529:257809] id 30: MachPort: com.apple.siri.vocabularyupdates Method: getAvailableVoicesIncludingAssetInfo
2018-10-24 10:03:54.605 out.exec[9529:257810] id 29: Connection Terminated
2018-10-24 10:03:54.607 out.exec[9529:257809] id 30: Invocation has a completion handler
2018-10-24 10:03:54.607 out.exec[9529:257809] id 31: about to run
2018-10-24 10:03:54.607 out.exec[9529:257809] id 31: MachPort: com.apple.siri.vocabularyupdates Method: _runServiceMaintenance;
2018-10-24 10:03:54.609 out.exec[9529:257810] id 30: Connection Terminated
2018-10-24 10:03:54.611 out.exec[9529:257809] id 32: about to run
2018-10-24 10:03:54.611 out.exec[9529:257809] id 32: MachPort: com.apple.siri.vocabularyupdates Method: _startDeepSyncVerificationForKeys
2018-10-24 10:03:54.612 out.exec[9529:257810] id 31: Connection Terminated
2018-10-24 10:03:54.614 out.exec[9529:257809] id 33: about to run
2018-10-24 10:03:54.614 out.exec[9529:257809] id 33: MachPort: com.apple.siri.vocabularyupdates Method: _setSyncVerificationNeededAndFullReportNeeded
2018-10-24 10:03:54.616 out.exec[9529:257812] id 32: Connection Terminated
2018-10-24 10:03:54.618 out.exec[9529:257809] id 33: Invocation has a completion handler
2018-10-24 10:03:54.618 out.exec[9529:257809] id 34: about to run
2018-10-24 10:03:54.618 out.exec[9529:257809] id 34: MachPort: com.apple.siri.vocabularyupdates Method: _fetchPeerData
2018-10-24 10:03:54.619 out.exec[9529:257812] id 33: Connection Terminated
2018-10-24 10:03:54.622 out.exec[9529:257809] id 34: Invocation has a completion handler
2018-10-24 10:03:54.622 out.exec[9529:257809] id 35: about to run
2018-10-24 10:03:54.622 out.exec[9529:257809] id 35: MachPort: com.apple.siri.vocabularyupdates Method: _syncDataWithAnchorKeys
2018-10-24 10:03:54.623 out.exec[9529:257812] id 34: Connection Terminated
2018-10-24 10:03:54.625 out.exec[9529:257809] id 35: Invocation has a completion handler
2018-10-24 10:03:54.626 out.exec[9529:257809] id 36: about to run
2018-10-24 10:03:54.626 out.exec[9529:257809] id 36: MachPort: com.apple.siri.vocabularyupdates Method: _clearSyncNeededForKey
2018-10-24 10:03:54.627 out.exec[9529:257812] id 35: Connection Terminated
2018-10-24 10:03:54.629 out.exec[9529:257809] id 37: about to run
2018-10-24 10:03:54.629 out.exec[9529:257809] id 37: MachPort: com.apple.siri.vocabularyupdates Method: _setSyncNeededForReason
2018-10-24 10:03:54.630 out.exec[9529:257812] id 36: Connection Terminated
2018-10-24 10:03:54.633 out.exec[9529:257809] id 38: about to run
2018-10-24 10:03:54.633 out.exec[9529:257809] id 38: MachPort: com.apple.siri.vocabularyupdates Method: barrierWithReply
2018-10-24 10:03:54.634 out.exec[9529:257812] id 37: Connection Terminated
2018-10-24 10:03:54.636 out.exec[9529:257809] id 38: Invocation has a completion handler
2018-10-24 10:03:54.636 out.exec[9529:257809] id 39: about to run
2018-10-24 10:03:54.636 out.exec[9529:257809] id 39: MachPort: com.apple.siri.vocabularyupdates Method: _killDaemon;
2018-10-24 10:03:54.638 out.exec[9529:257812] id 38: Connection Terminated
2018-10-24 10:03:54.640 out.exec[9529:257809] id 40: about to run
2018-10-24 10:03:54.640 out.exec[9529:257809] id 40: MachPort: com.apple.siri.vocabularyupdates Method: setDictationEnabled
2018-10-24 10:03:54.641 out.exec[9529:257812] id 39: Connection Terminated
2018-10-24 10:03:54.644 out.exec[9529:257809] id 41: about to run
2018-10-24 10:03:54.644 out.exec[9529:257809] id 41: MachPort: com.apple.siri.vocabularyupdates Method: setAssistantEnabled
2018-10-24 10:03:54.645 out.exec[9529:257812] id 40: Connection Terminated
2018-10-24 10:03:54.647 out.exec[9529:257809] id 42: about to run
2018-10-24 10:03:54.648 out.exec[9529:257809] id 42: MachPort: com.apple.siri.vocabularyupdates Method: setActiveAccountIdentifier
2018-10-24 10:03:54.649 out.exec[9529:257812] id 41: Connection Terminated
2018-10-24 10:03:54.651 out.exec[9529:257809] id 43: about to run
2018-10-24 10:03:54.651 out.exec[9529:257809] id 43: MachPort: com.apple.siri.vocabularyupdates Method: deleteAccountWithIdentifier
2018-10-24 10:03:54.652 out.exec[9529:257812] id 42: Connection Terminated
2018-10-24 10:03:54.654 out.exec[9529:257809] id 44: about to run
2018-10-24 10:03:54.654 out.exec[9529:257809] id 44: MachPort: com.apple.siri.vocabularyupdates Method: saveAccountWithMessageDictionary
2018-10-24 10:03:54.655 out.exec[9529:257812] id 43: Connection Terminated
2018-10-24 10:03:54.658 out.exec[9529:257809] id 45: about to run
2018-10-24 10:03:54.658 out.exec[9529:257809] id 45: MachPort: com.apple.siri.vocabularyupdates Method: retrieveAccountMessageDictionariesWithReply
2018-10-24 10:03:54.659 out.exec[9529:257812] id 44: Connection Terminated
2018-10-24 10:03:54.661 out.exec[9529:257809] id 45: Invocation has a completion handler
2018-10-24 10:03:54.661 out.exec[9529:257809] id 46: about to run
2018-10-24 10:03:54.662 out.exec[9529:257809] id 46: MachPort: com.apple.siri.vocabularyupdates Method: fetchSupportedLanguagesWithReply
2018-10-24 10:03:54.663 out.exec[9529:257812] id 45: Connection Terminated
2018-10-24 10:03:54.665 out.exec[9529:257809] id 46: Invocation has a completion handler
2018-10-24 10:03:54.665 out.exec[9529:257809] id 47: about to run
2018-10-24 10:03:54.665 out.exec[9529:257809] id 47: MachPort: com.apple.siri.vocabularyupdates Method: speechControllerLPCMRecordBufferAvailable
2018-10-24 10:03:54.667 out.exec[9529:257812] id 46: Connection Terminated
2018-10-24 10:03:54.669 out.exec[9529:257809] id 48: about to run
2018-10-24 10:03:54.669 out.exec[9529:257809] id 48: MachPort: com.apple.siri.vocabularyupdates Method: speechControllerRecordBufferAvailable
2018-10-24 10:03:54.670 out.exec[9529:257812] id 47: Connection Terminated
2018-10-24 10:03:54.672 out.exec[9529:257809] id 49: about to run
2018-10-24 10:03:54.673 out.exec[9529:257809] id 49: MachPort: com.apple.siri.vocabularyupdates Method: speechControllerRequestsOperation
2018-10-24 10:03:54.673 out.exec[9529:257812] id 48: Connection Terminated
2018-10-24 10:03:54.676 out.exec[9529:257809] id 50: about to run
2018-10-24 10:03:54.677 out.exec[9529:257809] id 50: MachPort: com.apple.siri.vocabularyupdates Method: speechControllerEndRecordInterruption
2018-10-24 10:03:54.677 out.exec[9529:257812] id 49: Connection Terminated
2018-10-24 10:03:54.680 out.exec[9529:257809] id 51: about to run
2018-10-24 10:03:54.681 out.exec[9529:257809] id 51: MachPort: com.apple.siri.vocabularyupdates Method: speechControllerBeginRecordInterruption
2018-10-24 10:03:54.681 out.exec[9529:257812] id 50: Connection Terminated
2018-10-24 10:03:54.685 out.exec[9529:257809] id 52: about to run
2018-10-24 10:03:54.685 out.exec[9529:257809] id 52: MachPort: com.apple.siri.vocabularyupdates Method: speechControllerBeginRecordInterruption
2018-10-24 10:03:54.685 out.exec[9529:257812] id 51: Connection Terminated
2018-10-24 10:03:54.689 out.exec[9529:257809] id 53: about to run
2018-10-24 10:03:54.689 out.exec[9529:257809] id 53: MachPort: com.apple.siri.vocabularyupdates Method: speechControllerRecordHardwareConfigurationDidChange
2018-10-24 10:03:54.690 out.exec[9529:257812] id 52: Connection Terminated
2018-10-24 10:03:54.693 out.exec[9529:257809] id 54: about to run
2018-10-24 10:03:54.693 out.exec[9529:257809] id 54: MachPort: com.apple.siri.vocabularyupdates Method: speechControllerDidDetectEndpoint
2018-10-24 10:03:54.694 out.exec[9529:257812] id 53: Connection Terminated
2018-10-24 10:03:54.697 out.exec[9529:257809] id 55: about to run
2018-10-24 10:03:54.698 out.exec[9529:257812] id 54: Connection Terminated
2018-10-24 10:03:54.698 out.exec[9529:257809] id 55: MachPort: com.apple.siri.vocabularyupdates Method: speechControllerDidDetectStartpoint
2018-10-24 10:03:54.701 out.exec[9529:257809] id 56: about to run
2018-10-24 10:03:54.701 out.exec[9529:257809] id 56: MachPort: com.apple.siri.vocabularyupdates Method: speechControllerDidStopRecording
2018-10-24 10:03:54.702 out.exec[9529:257812] id 55: Connection Terminated
2018-10-24 10:03:54.718 out.exec[9529:257809] id 57: about to run
2018-10-24 10:03:54.719 out.exec[9529:257809] id 57: MachPort: com.apple.siri.vocabularyupdates Method: speechControllerDidStartRecording
2018-10-24 10:03:54.719 out.exec[9529:257812] id 56: Connection Terminated
2018-10-24 10:03:54.754 out.exec[9529:257809] id 58: about to run
2018-10-24 10:03:54.755 out.exec[9529:257812] id 57: Connection Terminated
2018-10-24 10:03:54.755 out.exec[9529:257809] id 58: MachPort: com.apple.siri.vocabularyupdates Method: speechControllerDidDetectVoiceTriggerTwoShot
2018-10-24 10:03:54.789 out.exec[9529:257809] id 59: about to run
2018-10-24 10:03:54.790 out.exec[9529:257809] id 59: MachPort: com.apple.siri.vocabularyupdates Method: stageEvents
2018-10-24 10:03:54.790 out.exec[9529:257812] id 58: Connection Terminated
2018-10-24 10:03:54.795 out.exec[9529:257809] id 59: Invocation has a completion handler
2018-10-24 10:03:54.796 out.exec[9529:257809] id 60: about to run
2018-10-24 10:03:54.797 out.exec[9529:257812] id 59: Connection Terminated
2018-10-24 10:03:54.797 out.exec[9529:257809] id 60: MachPort: com.apple.siri.vocabularyupdates Method: stageEvents
2018-10-24 10:03:54.802 out.exec[9529:257809] id 61: about to run
2018-10-24 10:03:54.802 out.exec[9529:257809] id 61: MachPort: com.apple.siri.vocabularyupdates Method: stageEvent
2018-10-24 10:03:54.803 out.exec[9529:257812] id 60: Connection Terminated
2018-10-24 10:03:54.808 out.exec[9529:257809] id 62: about to run
2018-10-24 10:03:54.808 out.exec[9529:257809] id 62: MachPort: com.apple.siri.vocabularyupdates Method: adRequestEncounteredIntermediateError
2018-10-24 10:03:54.809 out.exec[9529:257812] id 61: Connection Terminated
2018-10-24 10:03:54.814 out.exec[9529:257809] id 63: about to run
2018-10-24 10:03:54.814 out.exec[9529:257809] id 63: MachPort: com.apple.siri.vocabularyupdates Method: adRequestDidCompleteWithSuccess
2018-10-24 10:03:54.815 out.exec[9529:257812] id 62: Connection Terminated
2018-10-24 10:03:54.819 out.exec[9529:257809] id 64: about to run
2018-10-24 10:03:54.819 out.exec[9529:257809] id 64: MachPort: com.apple.siri.vocabularyupdates Method: adRequestDidReceiveCommand
2018-10-24 10:03:54.820 out.exec[9529:257812] id 63: Connection Terminated
2018-10-24 10:03:54.823 out.exec[9529:257809] id 64: Invocation has a completion handler
2018-10-24 10:03:54.824 out.exec[9529:257809] id 65: about to run
2018-10-24 10:03:54.824 out.exec[9529:257812] id 64: Connection Terminated
2018-10-24 10:03:54.824 out.exec[9529:257809] id 65: MachPort: com.apple.siri.vocabularyupdates Method: adRequestWillReceiveCommand
2018-10-24 10:03:54.828 out.exec[9529:257809] id 66: about to run
2018-10-24 10:03:54.828 out.exec[9529:257809] id 66: MachPort: com.apple.siri.vocabularyupdates Method: endpointer
2018-10-24 10:03:54.829 out.exec[9529:257812] id 65: Connection Terminated
2018-10-24 10:03:54.832 out.exec[9529:257809] id 67: about to run
2018-10-24 10:03:54.832 out.exec[9529:257809] id 67: MachPort: com.apple.siri.vocabularyupdates Method: endpointer
2018-10-24 10:03:54.833 out.exec[9529:257812] id 66: Connection Terminated
2018-10-24 10:03:54.836 out.exec[9529:257809] id 68: about to run
2018-10-24 10:03:54.836 out.exec[9529:257809] id 68: MachPort: com.apple.siri.vocabularyupdates Method: adAudioPlaybackRequestDidStop
2018-10-24 10:03:54.837 out.exec[9529:257812] id 67: Connection Terminated
2018-10-24 10:03:54.840 out.exec[9529:257809] id 69: about to run
2018-10-24 10:03:54.840 out.exec[9529:257809] id 69: MachPort: com.apple.siri.vocabularyupdates Method: adAudioPlaybackRequestDidNotStart
2018-10-24 10:03:54.841 out.exec[9529:257812] id 68: Connection Terminated
2018-10-24 10:03:54.844 out.exec[9529:257809] id 70: about to run
2018-10-24 10:03:54.845 out.exec[9529:257809] id 70: MachPort: com.apple.siri.vocabularyupdates Method: adAudioPlaybackRequestDidStart
2018-10-24 10:03:54.845 out.exec[9529:257812] id 69: Connection Terminated
2018-10-24 10:03:54.848 out.exec[9529:257809] id 71: about to run
2018-10-24 10:03:54.849 out.exec[9529:257809] id 71: MachPort: com.apple.siri.vocabularyupdates Method: adAudioPlaybackRequestWillStart
2018-10-24 10:03:54.849 out.exec[9529:257812] id 70: Connection Terminated
2018-10-24 10:03:54.852 out.exec[9529:257809] id 72: about to run
2018-10-24 10:03:54.853 out.exec[9529:257809] id 72: MachPort: com.apple.siri.vocabularyupdates Method: adStartUIRequestWithText
2018-10-24 10:03:54.853 out.exec[9529:257812] id 71: Connection Terminated
2018-10-24 10:03:54.856 out.exec[9529:257809] id 72: Invocation has a completion handler
2018-10-24 10:03:54.857 out.exec[9529:257809] id 73: about to run
2018-10-24 10:03:54.857 out.exec[9529:257812] id 72: Connection Terminated
2018-10-24 10:03:54.857 out.exec[9529:257809] id 73: MachPort: com.apple.siri.vocabularyupdates Method: adHandleIntent
2018-10-24 10:03:54.861 out.exec[9529:257809] id 73: Invocation has a completion handler
2018-10-24 10:03:54.861 out.exec[9529:257809] id 74: about to run
2018-10-24 10:03:54.862 out.exec[9529:257812] id 73: Connection Terminated
2018-10-24 10:03:54.862 out.exec[9529:257809] id 74: MachPort: com.apple.siri.vocabularyupdates Method: adExtensionRequestFinishedForApplication
2018-10-24 10:03:54.865 out.exec[9529:257809] id 75: about to run
2018-10-24 10:03:54.866 out.exec[9529:257809] id 75: MachPort: com.apple.siri.vocabularyupdates Method: adExtensionRequestWillStartForApplication
2018-10-24 10:03:54.866 out.exec[9529:257812] id 74: Connection Terminated
2018-10-24 10:03:54.870 out.exec[9529:257809] id 76: about to run
2018-10-24 10:03:54.870 out.exec[9529:257809] id 76: MachPort: com.apple.siri.vocabularyupdates Method: adWantsToCacheImage
2018-10-24 10:03:54.871 out.exec[9529:257812] id 75: Connection Terminated
2018-10-24 10:03:54.874 out.exec[9529:257809] id 77: about to run
2018-10-24 10:03:54.874 out.exec[9529:257809] id 77: MachPort: com.apple.siri.vocabularyupdates Method: adQuickStopWasHandledWithActions
2018-10-24 10:03:54.875 out.exec[9529:257812] id 76: Connection Terminated
2018-10-24 10:03:54.878 out.exec[9529:257809] id 78: about to run
2018-10-24 10:03:54.878 out.exec[9529:257809] id 78: MachPort: com.apple.siri.vocabularyupdates Method: adRequestRequestedDismissAssistant;
2018-10-24 10:03:54.879 out.exec[9529:257812] id 77: Connection Terminated
2018-10-24 10:03:54.882 out.exec[9529:257809] id 79: about to run
2018-10-24 10:03:54.882 out.exec[9529:257809] id 79: MachPort: com.apple.siri.vocabularyupdates Method: adServerRequestsTTSStateUnmuted
2018-10-24 10:03:54.883 out.exec[9529:257812] id 78: Connection Terminated
2018-10-24 10:03:54.886 out.exec[9529:257809] id 80: about to run
2018-10-24 10:03:54.886 out.exec[9529:257809] id 80: MachPort: com.apple.siri.vocabularyupdates Method: adInvalidateCurrentUserActivity;
2018-10-24 10:03:54.887 out.exec[9529:257812] id 79: Connection Terminated
2018-10-24 10:03:54.890 out.exec[9529:257809] id 81: about to run
2018-10-24 10:03:54.891 out.exec[9529:257809] id 81: MachPort: com.apple.siri.vocabularyupdates Method: adSetUserActivityInfo
2018-10-24 10:03:54.891 out.exec[9529:257812] id 80: Connection Terminated
2018-10-24 10:03:54.894 out.exec[9529:257809] id 82: about to run
2018-10-24 10:03:54.895 out.exec[9529:257809] id 82: MachPort: com.apple.siri.vocabularyupdates Method: adAcousticIDRequestDidFinishSuccessfully
2018-10-24 10:03:54.895 out.exec[9529:257812] id 81: Connection Terminated
2018-10-24 10:03:54.898 out.exec[9529:257809] id 83: about to run
2018-10-24 10:03:54.899 out.exec[9529:257809] id 83: MachPort: com.apple.siri.vocabularyupdates Method: adMusicWasDetected;
2018-10-24 10:03:54.899 out.exec[9529:257812] id 82: Connection Terminated
2018-10-24 10:03:54.903 out.exec[9529:257809] id 84: about to run
2018-10-24 10:03:54.903 out.exec[9529:257809] id 84: MachPort: com.apple.siri.vocabularyupdates Method: adAcousticIDRequestWillStart;
2018-10-24 10:03:54.903 out.exec[9529:257812] id 83: Connection Terminated
2018-10-24 10:03:54.907 out.exec[9529:257809] id 85: about to run
2018-10-24 10:03:54.907 out.exec[9529:257809] id 85: MachPort: com.apple.siri.vocabularyupdates Method: adTextToSpeechIsMuted;
2018-10-24 10:03:54.908 out.exec[9529:257812] id 84: Connection Terminated
2018-10-24 10:03:54.911 out.exec[9529:257809] id 85: Invocation Exception: [NSXPCConnection sendInvocation]: Return type of methods sent over this proxy must be 'void' (adTextToSpeechIsMuted)
2018-10-24 10:03:54.911 out.exec[9529:257809] id 86: about to run
2018-10-24 10:03:54.911 out.exec[9529:257809] id 86: MachPort: com.apple.siri.vocabularyupdates Method: adGetBulletinContext
2018-10-24 10:03:54.915 out.exec[9529:257809] id 86: Invocation has a completion handler
2018-10-24 10:03:54.916 out.exec[9529:257809] id 87: about to run
2018-10-24 10:03:54.916 out.exec[9529:257812] id 86: Connection Terminated
2018-10-24 10:03:54.916 out.exec[9529:257809] id 87: MachPort: com.apple.siri.vocabularyupdates Method: adRequestRequestedOpenURL
2018-10-24 10:03:54.920 out.exec[9529:257809] id 87: Invocation has a completion handler
2018-10-24 10:03:54.920 out.exec[9529:257809] id 88: about to run
2018-10-24 10:03:54.921 out.exec[9529:257812] id 87: Connection Terminated
2018-10-24 10:03:54.921 out.exec[9529:257809] id 88: MachPort: com.apple.siri.vocabularyupdates Method: adRequestRequestedOpenApplicationWithBundleID
2018-10-24 10:03:54.924 out.exec[9529:257809] id 88: Invocation has a completion handler
2018-10-24 10:03:54.924 out.exec[9529:257809] id 89: about to run
2018-10-24 10:03:54.925 out.exec[9529:257812] id 88: Connection Terminated
2018-10-24 10:03:54.925 out.exec[9529:257809] id 89: MachPort: com.apple.siri.vocabularyupdates Method: adShouldSpeakStateDidChange
2018-10-24 10:03:54.928 out.exec[9529:257809] id 90: about to run
2018-10-24 10:03:54.929 out.exec[9529:257809] id 90: MachPort: com.apple.siri.vocabularyupdates Method: localSpeechRecognizer
2018-10-24 10:03:54.929 out.exec[9529:257812] id 89: Connection Terminated
2018-10-24 10:03:54.932 out.exec[9529:257809] id 91: about to run
2018-10-24 10:03:54.933 out.exec[9529:257809] id 91: MachPort: com.apple.siri.vocabularyupdates Method: localSpeechRecognizer
2018-10-24 10:03:54.933 out.exec[9529:257812] id 90: Connection Terminated
2018-10-24 10:03:54.937 out.exec[9529:257809] id 92: about to run
2018-10-24 10:03:54.937 out.exec[9529:257809] id 92: MachPort: com.apple.siri.vocabularyupdates Method: localSpeechRecognizer
2018-10-24 10:03:54.938 out.exec[9529:257812] id 91: Connection Terminated
2018-10-24 10:03:54.941 out.exec[9529:257809] id 93: about to run
2018-10-24 10:03:54.941 out.exec[9529:257809] id 93: MachPort: com.apple.siri.vocabularyupdates Method: localSpeechRecognizer
2018-10-24 10:03:54.942 out.exec[9529:257812] id 92: Connection Terminated
2018-10-24 10:03:54.945 out.exec[9529:257809] id 94: about to run
2018-10-24 10:03:54.945 out.exec[9529:257809] id 94: MachPort: com.apple.siri.vocabularyupdates Method: localSpeechRecognizer
2018-10-24 10:03:54.946 out.exec[9529:257812] id 93: Connection Terminated
2018-10-24 10:03:54.949 out.exec[9529:257809] id 95: about to run
2018-10-24 10:03:54.949 out.exec[9529:257809] id 95: MachPort: com.apple.siri.vocabularyupdates Method: adSyncVerificationServerReport
2018-10-24 10:03:54.950 out.exec[9529:257812] id 94: Connection Terminated
2018-10-24 10:03:54.953 out.exec[9529:257809] id 96: about to run
2018-10-24 10:03:54.953 out.exec[9529:257809] id 96: MachPort: com.apple.siri.vocabularyupdates Method: adSyncVerificationPartialResult
2018-10-24 10:03:54.954 out.exec[9529:257812] id 95: Connection Terminated
2018-10-24 10:03:54.957 out.exec[9529:257809] id 97: about to run
2018-10-24 10:03:54.957 out.exec[9529:257809] id 97: MachPort: com.apple.siri.vocabularyupdates Method: adWaitingForAudioFile;
2018-10-24 10:03:54.958 out.exec[9529:257812] id 96: Connection Terminated
2018-10-24 10:03:54.962 out.exec[9529:257809] id 97: Invocation Exception: [NSXPCConnection sendInvocation]: Return type of methods sent over this proxy must be 'void' (adWaitingForAudioFile)
2018-10-24 10:03:54.962 out.exec[9529:257809] id 98: about to run
2018-10-24 10:03:54.962 out.exec[9529:257809] id 98: MachPort: com.apple.siri.vocabularyupdates Method: adSpeechRecordingDidRecognizePhrases
2018-10-24 10:03:54.965 out.exec[9529:257809] id 99: about to run
2018-10-24 10:03:54.966 out.exec[9529:257809] id 99: MachPort: com.apple.siri.vocabularyupdates Method: adSpeechRecordingDidRecognizeTokens
2018-10-24 10:03:54.966 out.exec[9529:257812] id 98: Connection Terminated
2018-10-24 10:03:54.969 out.exec[9529:257809] id 100: about to run
2018-10-24 10:03:54.970 out.exec[9529:257809] id 100: MachPort: com.apple.siri.vocabularyupdates Method: adSpeechRecognizedPartialResult
2018-10-24 10:03:54.970 out.exec[9529:257812] id 99: Connection Terminated
2018-10-24 10:03:54.973 out.exec[9529:257809] id 101: about to run
2018-10-24 10:03:54.974 out.exec[9529:257809] id 101: MachPort: com.apple.siri.vocabularyupdates Method: adSpeechRecognitionDidFail
2018-10-24 10:03:54.974 out.exec[9529:257812] id 100: Connection Terminated
2018-10-24 10:03:54.977 out.exec[9529:257809] id 102: about to run
2018-10-24 10:03:54.978 out.exec[9529:257809] id 102: MachPort: com.apple.siri.vocabularyupdates Method: adSpeechRecognized
2018-10-24 10:03:54.978 out.exec[9529:257812] id 101: Connection Terminated
2018-10-24 10:03:54.981 out.exec[9529:257809] id 103: about to run
2018-10-24 10:03:54.982 out.exec[9529:257809] id 103: MachPort: com.apple.siri.vocabularyupdates Method: adSpeechRecordingDidFail
2018-10-24 10:03:54.982 out.exec[9529:257812] id 102: Connection Terminated
2018-10-24 10:03:54.986 out.exec[9529:257809] id 104: about to run
2018-10-24 10:03:54.986 out.exec[9529:257809] id 104: MachPort: com.apple.siri.vocabularyupdates Method: adSpeechRecordingDidCancelWithSessionUUID
2018-10-24 10:03:54.986 out.exec[9529:257812] id 103: Connection Terminated
2018-10-24 10:03:54.990 out.exec[9529:257809] id 105: about to run
2018-10-24 10:03:54.990 out.exec[9529:257809] id 105: MachPort: com.apple.siri.vocabularyupdates Method: adSpeechRecordingDidEndWithSessionUUID
2018-10-24 10:03:54.992 out.exec[9529:257812] id 104: Connection Terminated
2018-10-24 10:03:54.994 out.exec[9529:257809] id 106: about to run
2018-10-24 10:03:54.994 out.exec[9529:257809] id 106: MachPort: com.apple.siri.vocabularyupdates Method: adSpeechRecordingDidChangeAVRecordRoute
2018-10-24 10:03:54.995 out.exec[9529:257812] id 105: Connection Terminated
2018-10-24 10:03:54.998 out.exec[9529:257809] id 107: about to run
2018-10-24 10:03:54.998 out.exec[9529:257809] id 107: MachPort: com.apple.siri.vocabularyupdates Method: adSpeechRecordingDidBeginOnAVRecordRoute
2018-10-24 10:03:54.999 out.exec[9529:257812] id 106: Connection Terminated
2018-10-24 10:03:55.002 out.exec[9529:257809] id 108: about to run
2018-10-24 10:03:55.002 out.exec[9529:257809] id 108: MachPort: com.apple.siri.vocabularyupdates Method: adSpeechRecordingWillBeginWithInputAudioPowerXPCWrapper
2018-10-24 10:03:55.003 out.exec[9529:257812] id 107: Connection Terminated
2018-10-24 10:03:55.006 out.exec[9529:257809] id 109: about to run
2018-10-24 10:03:55.007 out.exec[9529:257809] id 109: MachPort: com.apple.siri.vocabularyupdates Method: adSpeechRecordingDidRecognizePhrases
2018-10-24 10:03:55.007 out.exec[9529:257812] id 108: Connection Terminated
2018-10-24 10:03:55.010 out.exec[9529:257809] id 110: about to run
2018-10-24 10:03:55.011 out.exec[9529:257809] id 110: MachPort: com.apple.siri.vocabularyupdates Method: adSpeechRecognitionWillBeginRecognitionUpdateForTask
2018-10-24 10:03:55.011 out.exec[9529:257812] id 109: Connection Terminated
2018-10-24 10:03:55.014 out.exec[9529:257809] id 111: about to run
2018-10-24 10:03:55.015 out.exec[9529:257809] id 111: MachPort: com.apple.siri.vocabularyupdates Method: adSpeechRecognitionDidFinishUpdateWithError
2018-10-24 10:03:55.015 out.exec[9529:257812] id 110: Connection Terminated
2018-10-24 10:03:55.019 out.exec[9529:257809] id 112: about to run
2018-10-24 10:03:55.019 out.exec[9529:257809] id 112: MachPort: com.apple.siri.vocabularyupdates Method: adSpeechRecordingPerformTwoShotPromptWithType
2018-10-24 10:03:55.020 out.exec[9529:257812] id 111: Connection Terminated
2018-10-24 10:03:55.023 out.exec[9529:257809] id 112: Invocation has a completion handler
2018-10-24 10:03:55.024 out.exec[9529:257809] id 113: about to run
2018-10-24 10:03:55.024 out.exec[9529:257812] id 112: Connection Terminated
2018-10-24 10:03:55.024 out.exec[9529:257809] id 113: MachPort: com.apple.siri.vocabularyupdates Method: adSpeechRecordingDidDetectStartPointWithSessionUUID
2018-10-24 10:03:55.027 out.exec[9529:257809] id 114: about to run
2018-10-24 10:03:55.028 out.exec[9529:257809] id 114: MachPort: com.apple.siri.vocabularyupdates Method: adSpeechDidFindVoiceSearchFinalResult
2018-10-24 10:03:55.028 out.exec[9529:257812] id 113: Connection Terminated
2018-10-24 10:03:55.031 out.exec[9529:257809] id 115: about to run
2018-10-24 10:03:55.032 out.exec[9529:257809] id 115: MachPort: com.apple.siri.vocabularyupdates Method: adSpeechDidFindVoiceSearchPartialResult
2018-10-24 10:03:55.032 out.exec[9529:257812] id 114: Connection Terminated
2018-10-24 10:03:55.035 out.exec[9529:257809] id 116: about to run
2018-10-24 10:03:55.036 out.exec[9529:257809] id 116: MachPort: com.apple.siri.vocabularyupdates Method: adPronunciationRecognized
2018-10-24 10:03:55.036 out.exec[9529:257812] id 115: Connection Terminated
2018-10-24 10:03:55.039 out.exec[9529:257809] id 117: about to run
2018-10-24 10:03:55.040 out.exec[9529:257809] id 117: MachPort: com.apple.siri.vocabularyupdates Method: adAudioFileFinishedWriting
2018-10-24 10:03:55.040 out.exec[9529:257812] id 116: Connection Terminated
2018-10-24 10:03:55.044 out.exec[9529:257809] id 118: about to run
2018-10-24 10:03:55.044 out.exec[9529:257809] id 118: MachPort: com.apple.siri.vocabularyupdates Method: adSpeechRecognizedStructuredResult
2018-10-24 10:03:55.044 out.exec[9529:257812] id 117: Connection Terminated
2018-10-24 10:03:55.048 out.exec[9529:257809] id 119: about to run
2018-10-24 10:03:55.048 out.exec[9529:257809] id 119: MachPort: com.apple.siri.vocabularyupdates Method: acousticFingerprinter
2018-10-24 10:03:55.049 out.exec[9529:257812] id 118: Connection Terminated
2018-10-24 10:03:55.052 out.exec[9529:257809] id 120: about to run
2018-10-24 10:03:55.052 out.exec[9529:257809] id 120: MachPort: com.apple.siri.vocabularyupdates Method: enforcePreviousEndpointHint;
2018-10-24 10:03:55.053 out.exec[9529:257812] id 119: Connection Terminated
2018-10-24 10:03:55.056 out.exec[9529:257809] id 121: about to run
2018-10-24 10:03:55.056 out.exec[9529:257809] id 121: MachPort: com.apple.siri.vocabularyupdates Method: updateEndpointHintForDuration
2018-10-24 10:03:55.057 out.exec[9529:257812] id 120: Connection Terminated
2018-10-24 10:03:55.060 out.exec[9529:257809] id 121: Invocation has a completion handler
2018-10-24 10:03:55.061 out.exec[9529:257809] id 122: about to run
2018-10-24 10:03:55.061 out.exec[9529:257812] id 121: Connection Terminated
2018-10-24 10:03:55.061 out.exec[9529:257809] id 122: MachPort: com.apple.siri.vocabularyupdates Method: updateServerEndpointFeatures
2018-10-24 10:03:55.064 out.exec[9529:257809] id 123: about to run
2018-10-24 10:03:55.065 out.exec[9529:257809] id 123: MachPort: com.apple.siri.vocabularyupdates Method: playRecordingStartAlert;
2018-10-24 10:03:55.065 out.exec[9529:257812] id 122: Connection Terminated
2018-10-24 10:03:55.068 out.exec[9529:257809] id 124: about to run
2018-10-24 10:03:55.069 out.exec[9529:257809] id 124: MachPort: com.apple.siri.vocabularyupdates Method: getLastStartpointTimestampAndCurrentTime
2018-10-24 10:03:55.069 out.exec[9529:257812] id 123: Connection Terminated
2018-10-24 10:03:55.072 out.exec[9529:257809] id 124: Invocation has a completion handler
2018-10-24 10:03:55.073 out.exec[9529:257809] id 125: about to run
2018-10-24 10:03:55.073 out.exec[9529:257812] id 124: Connection Terminated
2018-10-24 10:03:55.074 out.exec[9529:257809] id 125: MachPort: com.apple.siri.vocabularyupdates Method: setIsDriving
2018-10-24 10:03:55.077 out.exec[9529:257809] id 126: about to run
2018-10-24 10:03:55.077 out.exec[9529:257809] id 126: MachPort: com.apple.siri.vocabularyupdates Method: forceSuccessAudioAlertOnStop;
2018-10-24 10:03:55.078 out.exec[9529:257812] id 125: Connection Terminated
2018-10-24 10:03:55.081 out.exec[9529:257809] id 127: about to run
2018-10-24 10:03:55.081 out.exec[9529:257809] id 127: MachPort: com.apple.siri.vocabularyupdates Method: setFingerprintingEnabled
2018-10-24 10:03:55.082 out.exec[9529:257812] id 126: Connection Terminated
2018-10-24 10:03:55.085 out.exec[9529:257809] id 128: about to run
2018-10-24 10:03:55.085 out.exec[9529:257809] id 128: MachPort: com.apple.siri.vocabularyupdates Method: cancelSpeechCaptureSuppressingAlert
2018-10-24 10:03:55.086 out.exec[9529:257812] id 127: Connection Terminated
2018-10-24 10:03:55.089 out.exec[9529:257809] id 129: about to run
2018-10-24 10:03:55.090 out.exec[9529:257809] id 129: MachPort: com.apple.siri.vocabularyupdates Method: stopSpeechCaptureForEvent
2018-10-24 10:03:55.090 out.exec[9529:257812] id 128: Connection Terminated
2018-10-24 10:03:55.093 out.exec[9529:257809] id 130: about to run
2018-10-24 10:03:55.094 out.exec[9529:257809] id 130: MachPort: com.apple.siri.vocabularyupdates Method: setFingerprintWasRecognized;
2018-10-24 10:03:55.094 out.exec[9529:257812] id 129: Connection Terminated
2018-10-24 10:03:55.097 out.exec[9529:257809] id 131: about to run
2018-10-24 10:03:55.098 out.exec[9529:257809] id 131: MachPort: com.apple.siri.vocabularyupdates Method: setSpeechWasRecognizedForElapsedTime
2018-10-24 10:03:55.098 out.exec[9529:257812] id 130: Connection Terminated
2018-10-24 10:03:55.101 out.exec[9529:257809] id 132: about to run
2018-10-24 10:03:55.102 out.exec[9529:257809] id 132: MachPort: com.apple.siri.vocabularyupdates Method: setSpeechRequestOptions
2018-10-24 10:03:55.102 out.exec[9529:257812] id 131: Connection Terminated
2018-10-24 10:03:55.106 out.exec[9529:257809] id 133: about to run
2018-10-24 10:03:55.106 out.exec[9529:257809] id 133: MachPort: com.apple.siri.vocabularyupdates Method: setUseAutomaticEndpointing
2018-10-24 10:03:55.106 out.exec[9529:257812] id 132: Connection Terminated
2018-10-24 10:03:55.110 out.exec[9529:257809] id 134: about to run
2018-10-24 10:03:55.110 out.exec[9529:257809] id 134: MachPort: com.apple.siri.vocabularyupdates Method: releaseAudioSession;
2018-10-24 10:03:55.111 out.exec[9529:257812] id 133: Connection Terminated
2018-10-24 10:03:55.114 out.exec[9529:257809] id 135: about to run
2018-10-24 10:03:55.114 out.exec[9529:257809] id 135: MachPort: com.apple.siri.vocabularyupdates Method: setDelegate
2018-10-24 10:03:55.115 out.exec[9529:257812] id 134: Connection Terminated
2018-10-24 10:03:55.118 out.exec[9529:257809] id 136: about to run
2018-10-24 10:03:55.119 out.exec[9529:257809] id 136: MachPort: com.apple.siri.vocabularyupdates Method: initWithQueue
2018-10-24 10:03:55.119 out.exec[9529:257812] id 135: Connection Terminated
2018-10-24 10:03:55.123 out.exec[9529:257809] id 136: Invocation Exception: [NSXPCConnection sendInvocation]: Return type of methods sent over this proxy must be 'void' (initWithQueue:)
2018-10-24 10:03:55.123 out.exec[9529:257809] id 137: about to run
2018-10-24 10:03:55.123 out.exec[9529:257809] id 137: MachPort: com.apple.siri.vocabularyupdates Method: init;
2018-10-24 10:03:55.126 out.exec[9529:257809] id 138: about to run
2018-10-24 10:03:55.127 out.exec[9529:257809] id 138: MachPort: com.apple.siri.vocabularyupdates Method: syncCoordinatorDidReceiveStartSyncCommand
2018-10-24 10:03:55.130 out.exec[9529:257809] id 139: about to run
2018-10-24 10:03:55.130 out.exec[9529:257809] id 139: MachPort: com.apple.siri.vocabularyupdates Method: supportsMigrationSync;
2018-10-24 10:03:55.131 out.exec[9529:257812] id 138: Connection Terminated
2018-10-24 10:03:55.134 out.exec[9529:257809] id 140: about to run
2018-10-24 10:03:55.134 out.exec[9529:257809] id 140: MachPort: com.apple.siri.vocabularyupdates Method: syncCoordinatorDidChangeSyncRestriction
2018-10-24 10:03:55.135 out.exec[9529:257812] id 139: Connection Terminated
2018-10-24 10:03:55.138 out.exec[9529:257809] id 141: about to run
2018-10-24 10:03:55.139 out.exec[9529:257809] id 141: MachPort: com.apple.siri.vocabularyupdates Method: syncCoordinator
2018-10-24 10:03:55.139 out.exec[9529:257812] id 140: Connection Terminated
2018-10-24 10:03:55.142 out.exec[9529:257809] id 142: about to run
2018-10-24 10:03:55.143 out.exec[9529:257809] id 142: MachPort: com.apple.siri.vocabularyupdates Method: syncCoordinator
2018-10-24 10:03:55.143 out.exec[9529:257812] id 141: Connection Terminated
2018-10-24 10:03:55.146 out.exec[9529:257809] id 143: about to run
2018-10-24 10:03:55.147 out.exec[9529:257809] id 143: MachPort: com.apple.siri.vocabularyupdates Method: handleRemoteCommand
2018-10-24 10:03:55.147 out.exec[9529:257812] id 142: Connection Terminated
2018-10-24 10:03:55.150 out.exec[9529:257809] id 143: Invocation has a completion handler
2018-10-24 10:03:55.151 out.exec[9529:257809] id 144: about to run
2018-10-24 10:03:55.151 out.exec[9529:257812] id 143: Connection Terminated
2018-10-24 10:03:55.151 out.exec[9529:257809] id 144: MachPort: com.apple.siri.vocabularyupdates Method: audioStateAnnouncer
2018-10-24 10:03:55.155 out.exec[9529:257809] id 145: about to run
2018-10-24 10:03:55.155 out.exec[9529:257809] id 145: MachPort: com.apple.siri.vocabularyupdates Method: _sendFeedbackToAppPreferencesPredictorForMetricsContext
2018-10-24 10:03:55.156 out.exec[9529:257812] id 144: Connection Terminated
2018-10-24 10:03:55.159 out.exec[9529:257809] id 146: about to run
2018-10-24 10:03:55.159 out.exec[9529:257809] id 146: MachPort: com.apple.siri.vocabularyupdates Method: _refreshAssistantValidation;
2018-10-24 10:03:55.160 out.exec[9529:257812] id 145: Connection Terminated
2018-10-24 10:03:55.163 out.exec[9529:257809] id 147: about to run
2018-10-24 10:03:55.163 out.exec[9529:257809] id 147: MachPort: com.apple.siri.vocabularyupdates Method: _startSpeechWithURL
2018-10-24 10:03:55.164 out.exec[9529:257812] id 146: Connection Terminated
2018-10-24 10:03:55.166 out.exec[9529:257809] id 148: about to run
2018-10-24 10:03:55.166 out.exec[9529:257809] id 148: MachPort: com.apple.siri.vocabularyupdates Method: _requestBarrierWithReply
2018-10-24 10:03:55.168 out.exec[9529:257812] id 147: Connection Terminated
2018-10-24 10:03:55.170 out.exec[9529:257809] id 148: Invocation has a completion handler
2018-10-24 10:03:55.170 out.exec[9529:257809] id 149: about to run
2018-10-24 10:03:55.170 out.exec[9529:257809] id 149: MachPort: com.apple.siri.vocabularyupdates Method: _barrierWithReply
2018-10-24 10:03:55.171 out.exec[9529:257812] id 148: Connection Terminated
2018-10-24 10:03:55.173 out.exec[9529:257809] id 149: Invocation has a completion handler
2018-10-24 10:03:55.174 out.exec[9529:257809] id 150: about to run
2018-10-24 10:03:55.174 out.exec[9529:257809] id 150: MachPort: com.apple.siri.vocabularyupdates Method: _clearAssistantInfoForAccountIdentifier
2018-10-24 10:03:55.175 out.exec[9529:257812] id 149: Connection Terminated
2018-10-24 10:03:55.177 out.exec[9529:257809] id 151: about to run
2018-10-24 10:03:55.177 out.exec[9529:257809] id 151: MachPort: com.apple.siri.vocabularyupdates Method: _fetchAppContextForApplicationInfo
2018-10-24 10:03:55.179 out.exec[9529:257812] id 150: Connection Terminated
2018-10-24 10:03:55.181 out.exec[9529:257809] id 151: Invocation has a completion handler
2018-10-24 10:03:55.181 out.exec[9529:257809] id 152: about to run
2018-10-24 10:03:55.181 out.exec[9529:257809] id 152: MachPort: com.apple.siri.vocabularyupdates Method: _broadcastCommandDictionary
2018-10-24 10:03:55.183 out.exec[9529:257810] id 151: Connection Terminated
2018-10-24 10:03:55.185 out.exec[9529:257809] id 153: about to run
2018-10-24 10:03:55.185 out.exec[9529:257809] id 153: MachPort: com.apple.siri.vocabularyupdates Method: _performTaskCommandDictionary
2018-10-24 10:03:55.186 out.exec[9529:257810] id 152: Connection Terminated
2018-10-24 10:03:55.188 out.exec[9529:257809] id 153: Invocation has a completion handler
2018-10-24 10:03:55.189 out.exec[9529:257809] id 154: about to run
2018-10-24 10:03:55.189 out.exec[9529:257809] id 154: MachPort: com.apple.siri.vocabularyupdates Method: _performCommandDictionary
2018-10-24 10:03:55.190 out.exec[9529:257810] id 153: Connection Terminated
2018-10-24 10:03:55.192 out.exec[9529:257809] id 154: Invocation has a completion handler
2018-10-24 10:03:55.192 out.exec[9529:257809] id 155: about to run
2018-10-24 10:03:55.192 out.exec[9529:257809] id 155: MachPort: com.apple.siri.vocabularyupdates Method: _sendLargeData
2018-10-24 10:03:55.194 out.exec[9529:257810] id 154: Connection Terminated
2018-10-24 10:03:55.196 out.exec[9529:257809] id 155: Invocation has a completion handler
2018-10-24 10:03:55.196 out.exec[9529:257809] id 156: about to run
2018-10-24 10:03:55.196 out.exec[9529:257809] id 156: MachPort: com.apple.siri.vocabularyupdates Method: _pingServiceForIdentifier
2018-10-24 10:03:55.197 out.exec[9529:257810] id 155: Connection Terminated
2018-10-24 10:03:55.200 out.exec[9529:257809] id 156: Invocation has a completion handler
2018-10-24 10:03:55.200 out.exec[9529:257809] id 157: about to run
2018-10-24 10:03:55.200 out.exec[9529:257809] id 157: MachPort: com.apple.siri.vocabularyupdates Method: _listInstalledServicesWithReply
2018-10-24 10:03:55.201 out.exec[9529:257810] id 156: Connection Terminated
2018-10-24 10:03:55.203 out.exec[9529:257809] id 157: Invocation has a completion handler
2018-10-24 10:03:55.204 out.exec[9529:257809] id 158: about to run
2018-10-24 10:03:55.204 out.exec[9529:257809] id 158: MachPort: com.apple.siri.vocabularyupdates Method: adviseSessionArbiterToContinueWithPreviousWinner
2018-10-24 10:03:55.205 out.exec[9529:257810] id 157: Connection Terminated
2018-10-24 10:03:55.207 out.exec[9529:257809] id 159: about to run
2018-10-24 10:03:55.207 out.exec[9529:257809] id 159: MachPort: com.apple.siri.vocabularyupdates Method: reportIssueForError
2018-10-24 10:03:55.210 out.exec[9529:257810] id 158: Connection Terminated
2018-10-24 10:03:55.211 out.exec[9529:257809] id 160: about to run
2018-10-24 10:03:55.211 out.exec[9529:257809] id 160: MachPort: com.apple.siri.vocabularyupdates Method: updateSpeechSynthesisRecord
2018-10-24 10:03:55.212 out.exec[9529:257810] id 159: Connection Terminated
2018-10-24 10:03:55.215 out.exec[9529:257809] id 161: about to run
2018-10-24 10:03:55.215 out.exec[9529:257809] id 161: MachPort: com.apple.siri.vocabularyupdates Method: endUpdateOutputAudioPower;
2018-10-24 10:03:55.217 out.exec[9529:257810] id 160: Connection Terminated
2018-10-24 10:03:55.219 out.exec[9529:257809] id 162: about to run
2018-10-24 10:03:55.219 out.exec[9529:257809] id 162: MachPort: com.apple.siri.vocabularyupdates Method: beginUpdateOutputAudioPowerWithReply
2018-10-24 10:03:55.220 out.exec[9529:257810] id 161: Connection Terminated
2018-10-24 10:03:55.222 out.exec[9529:257809] id 162: Invocation has a completion handler
2018-10-24 10:03:55.223 out.exec[9529:257809] id 163: about to run
2018-10-24 10:03:55.223 out.exec[9529:257809] id 163: MachPort: com.apple.siri.vocabularyupdates Method: stopAllAudioPlaybackRequests
2018-10-24 10:03:55.224 out.exec[9529:257810] id 162: Connection Terminated
2018-10-24 10:03:55.226 out.exec[9529:257809] id 164: about to run
2018-10-24 10:03:55.226 out.exec[9529:257809] id 164: MachPort: com.apple.siri.vocabularyupdates Method: stopAudioPlaybackRequest
2018-10-24 10:03:55.227 out.exec[9529:257810] id 163: Connection Terminated
2018-10-24 10:03:55.230 out.exec[9529:257809] id 165: about to run
2018-10-24 10:03:55.230 out.exec[9529:257809] id 165: MachPort: com.apple.siri.vocabularyupdates Method: startAudioPlaybackRequest
2018-10-24 10:03:55.231 out.exec[9529:257810] id 164: Connection Terminated
2018-10-24 10:03:55.233 out.exec[9529:257809] id 165: Invocation has a completion handler
2018-10-24 10:03:55.233 out.exec[9529:257809] id 166: about to run
2018-10-24 10:03:55.234 out.exec[9529:257809] id 166: MachPort: com.apple.siri.vocabularyupdates Method: getSerializedCachedObjectsWithIdentifiers
2018-10-24 10:03:55.235 out.exec[9529:257810] id 165: Connection Terminated
2018-10-24 10:03:55.237 out.exec[9529:257809] id 166: Invocation has a completion handler
2018-10-24 10:03:55.237 out.exec[9529:257809] id 167: about to run
2018-10-24 10:03:55.237 out.exec[9529:257809] id 167: MachPort: com.apple.siri.vocabularyupdates Method: getDeferredObjectsWithIdentifiers
2018-10-24 10:03:55.239 out.exec[9529:257810] id 166: Connection Terminated
2018-10-24 10:03:55.241 out.exec[9529:257809] id 167: Invocation has a completion handler
2018-10-24 10:03:55.241 out.exec[9529:257809] id 168: about to run
2018-10-24 10:03:55.241 out.exec[9529:257809] id 168: MachPort: com.apple.siri.vocabularyupdates Method: recordCancellationMetrics;
2018-10-24 10:03:55.243 out.exec[9529:257812] id 167: Connection Terminated
2018-10-24 10:03:55.245 out.exec[9529:257809] id 169: about to run
2018-10-24 10:03:55.245 out.exec[9529:257809] id 169: MachPort: com.apple.siri.vocabularyupdates Method: recordFailureMetricsForError
2018-10-24 10:03:55.246 out.exec[9529:257810] id 168: Connection Terminated
2018-10-24 10:03:55.248 out.exec[9529:257809] id 170: about to run
2018-10-24 10:03:55.248 out.exec[9529:257809] id 170: MachPort: com.apple.siri.vocabularyupdates Method: recordSuccessMetrics;
2018-10-24 10:03:55.250 out.exec[9529:257810] id 169: Connection Terminated
2018-10-24 10:03:55.252 out.exec[9529:257809] id 171: about to run
2018-10-24 10:03:55.252 out.exec[9529:257809] id 171: MachPort: com.apple.siri.vocabularyupdates Method: recordUIMetrics
2018-10-24 10:03:55.253 out.exec[9529:257810] id 170: Connection Terminated
2018-10-24 10:03:55.255 out.exec[9529:257809] id 172: about to run
2018-10-24 10:03:55.255 out.exec[9529:257809] id 172: MachPort: com.apple.siri.vocabularyupdates Method: recordRequestMetric
2018-10-24 10:03:55.257 out.exec[9529:257810] id 171: Connection Terminated
2018-10-24 10:03:55.259 out.exec[9529:257809] id 173: about to run
2018-10-24 10:03:55.259 out.exec[9529:257809] id 173: MachPort: com.apple.siri.vocabularyupdates Method: telephonyRequestCompleted;
2018-10-24 10:03:55.260 out.exec[9529:257810] id 172: Connection Terminated
2018-10-24 10:03:55.262 out.exec[9529:257809] id 174: about to run
2018-10-24 10:03:55.262 out.exec[9529:257809] id 174: MachPort: com.apple.siri.vocabularyupdates Method: prepareForPhoneCall;
2018-10-24 10:03:55.264 out.exec[9529:257810] id 173: Connection Terminated
2018-10-24 10:03:55.266 out.exec[9529:257809] id 175: about to run
2018-10-24 10:03:55.266 out.exec[9529:257809] id 175: MachPort: com.apple.siri.vocabularyupdates Method: setAlertContextDirty;
2018-10-24 10:03:55.267 out.exec[9529:257810] id 174: Connection Terminated
2018-10-24 10:03:55.269 out.exec[9529:257809] id 176: about to run
2018-10-24 10:03:55.270 out.exec[9529:257809] id 176: MachPort: com.apple.siri.vocabularyupdates Method: setOverriddenApplicationContext
2018-10-24 10:03:55.271 out.exec[9529:257810] id 175: Connection Terminated
2018-10-24 10:03:55.273 out.exec[9529:257809] id 177: about to run
2018-10-24 10:03:55.273 out.exec[9529:257809] id 177: MachPort: com.apple.siri.vocabularyupdates Method: setApplicationContextForApplicationInfos
2018-10-24 10:03:55.274 out.exec[9529:257810] id 176: Connection Terminated
2018-10-24 10:03:55.277 out.exec[9529:257809] id 178: about to run
2018-10-24 10:03:55.277 out.exec[9529:257809] id 178: MachPort: com.apple.siri.vocabularyupdates Method: setApplicationContext
2018-10-24 10:03:55.278 out.exec[9529:257810] id 177: Connection Terminated
2018-10-24 10:03:55.280 out.exec[9529:257809] id 179: about to run
2018-10-24 10:03:55.280 out.exec[9529:257809] id 179: MachPort: com.apple.siri.vocabularyupdates Method: willSetApplicationContextWithRefId
2018-10-24 10:03:55.281 out.exec[9529:257810] id 178: Connection Terminated
2018-10-24 10:03:55.284 out.exec[9529:257809] id 180: about to run
2018-10-24 10:03:55.284 out.exec[9529:257809] id 180: MachPort: com.apple.siri.vocabularyupdates Method: rollbackClearContext;
2018-10-24 10:03:55.285 out.exec[9529:257810] id 179: Connection Terminated
2018-10-24 10:03:55.287 out.exec[9529:257809] id 181: about to run
2018-10-24 10:03:55.288 out.exec[9529:257809] id 181: MachPort: com.apple.siri.vocabularyupdates Method: clearContext;
2018-10-24 10:03:55.289 out.exec[9529:257810] id 180: Connection Terminated
2018-10-24 10:03:55.291 out.exec[9529:257809] id 182: about to run
2018-10-24 10:03:55.291 out.exec[9529:257809] id 182: MachPort: com.apple.siri.vocabularyupdates Method: performGenericAceCommand
2018-10-24 10:03:55.292 out.exec[9529:257810] id 181: Connection Terminated
2018-10-24 10:03:55.294 out.exec[9529:257809] id 182: Invocation has a completion handler
2018-10-24 10:03:55.295 out.exec[9529:257809] id 183: about to run
2018-10-24 10:03:55.295 out.exec[9529:257809] id 183: MachPort: com.apple.siri.vocabularyupdates Method: requestStateUpdateWithReply
2018-10-24 10:03:55.296 out.exec[9529:257810] id 182: Connection Terminated
2018-10-24 10:03:55.298 out.exec[9529:257809] id 183: Invocation has a completion handler
2018-10-24 10:03:55.299 out.exec[9529:257809] id 184: about to run
2018-10-24 10:03:55.299 out.exec[9529:257809] id 184: MachPort: com.apple.siri.vocabularyupdates Method: stopSpeechWithOptions
2018-10-24 10:03:55.300 out.exec[9529:257810] id 183: Connection Terminated
2018-10-24 10:03:55.302 out.exec[9529:257809] id 185: about to run
2018-10-24 10:03:55.302 out.exec[9529:257809] id 185: MachPort: com.apple.siri.vocabularyupdates Method: rollbackRequest;
2018-10-24 10:03:55.304 out.exec[9529:257810] id 184: Connection Terminated
2018-10-24 10:03:55.306 out.exec[9529:257809] id 186: about to run
2018-10-24 10:03:55.306 out.exec[9529:257809] id 186: MachPort: com.apple.siri.vocabularyupdates Method: cancelRequest;
2018-10-24 10:03:55.307 out.exec[9529:257810] id 185: Connection Terminated
2018-10-24 10:03:55.309 out.exec[9529:257809] id 187: about to run
2018-10-24 10:03:55.310 out.exec[9529:257809] id 187: MachPort: com.apple.siri.vocabularyupdates Method: updateSpeechOptions
2018-10-24 10:03:55.311 out.exec[9529:257810] id 186: Connection Terminated
2018-10-24 10:03:55.313 out.exec[9529:257809] id 188: about to run
2018-10-24 10:03:55.313 out.exec[9529:257809] id 188: MachPort: com.apple.siri.vocabularyupdates Method: continuePendingSpeechRequestWithId
2018-10-24 10:03:55.314 out.exec[9529:257810] id 187: Connection Terminated
2018-10-24 10:03:55.317 out.exec[9529:257809] id 189: about to run
2018-10-24 10:03:55.317 out.exec[9529:257809] id 189: MachPort: com.apple.siri.vocabularyupdates Method: startAcousticIDRequestWithOptions
2018-10-24 10:03:55.318 out.exec[9529:257810] id 188: Connection Terminated
2018-10-24 10:03:55.320 out.exec[9529:257809] id 189: Invocation has a completion handler
2018-10-24 10:03:55.321 out.exec[9529:257809] id 190: about to run
2018-10-24 10:03:55.321 out.exec[9529:257809] id 190: MachPort: com.apple.siri.vocabularyupdates Method: startSpeechPronunciationRequestWithOptions
2018-10-24 10:03:55.322 out.exec[9529:257810] id 189: Connection Terminated
2018-10-24 10:03:55.324 out.exec[9529:257809] id 190: Invocation has a completion handler
2018-10-24 10:03:55.324 out.exec[9529:257809] id 191: about to run
2018-10-24 10:03:55.324 out.exec[9529:257809] id 191: MachPort: com.apple.siri.vocabularyupdates Method: startRecordingForPendingSpeechRequestWithOptions
2018-10-24 10:03:55.325 out.exec[9529:257812] id 190: Connection Terminated
2018-10-24 10:03:55.328 out.exec[9529:257809] id 191: Invocation has a completion handler
2018-10-24 10:03:55.328 out.exec[9529:257809] id 192: about to run
2018-10-24 10:03:55.328 out.exec[9529:257809] id 192: MachPort: com.apple.siri.vocabularyupdates Method: startRequestWithInfo
2018-10-24 10:03:55.331 out.exec[9529:257812] id 191: Connection Terminated
2018-10-24 10:03:55.332 out.exec[9529:257809] id 192: Invocation has a completion handler
2018-10-24 10:03:55.332 out.exec[9529:257809] id 193: about to run
2018-10-24 10:03:55.332 out.exec[9529:257809] id 193: MachPort: com.apple.siri.vocabularyupdates Method: endSession;
2018-10-24 10:03:55.334 out.exec[9529:257812] id 192: Connection Terminated
2018-10-24 10:03:55.336 out.exec[9529:257809] id 194: about to run
2018-10-24 10:03:55.336 out.exec[9529:257809] id 194: MachPort: com.apple.siri.vocabularyupdates Method: didDismissUI;
2018-10-24 10:03:55.337 out.exec[9529:257812] id 193: Connection Terminated
2018-10-24 10:03:55.339 out.exec[9529:257809] id 195: about to run
2018-10-24 10:03:55.340 out.exec[9529:257809] id 195: MachPort: com.apple.siri.vocabularyupdates Method: willPresentUIWithReply
2018-10-24 10:03:55.341 out.exec[9529:257812] id 194: Connection Terminated
2018-10-24 10:03:55.343 out.exec[9529:257809] id 195: Invocation has a completion handler
2018-10-24 10:03:55.343 out.exec[9529:257809] id 196: about to run
2018-10-24 10:03:55.343 out.exec[9529:257809] id 196: MachPort: com.apple.siri.vocabularyupdates Method: setConfiguration
2018-10-24 10:03:55.344 out.exec[9529:257812] id 195: Connection Terminated
2018-10-24 10:03:55.347 out.exec[9529:257809] id 197: about to run
2018-10-24 10:03:55.347 out.exec[9529:257809] id 197: MachPort: com.apple.siri.vocabularyupdates Method: setCarDNDActive
2018-10-24 10:03:55.348 out.exec[9529:257812] id 196: Connection Terminated
2018-10-24 10:03:55.350 out.exec[9529:257809] id 198: about to run
2018-10-24 10:03:55.350 out.exec[9529:257809] id 198: MachPort: com.apple.siri.vocabularyupdates Method: setIsStark
2018-10-24 10:03:55.351 out.exec[9529:257812] id 197: Connection Terminated
2018-10-24 10:03:55.354 out.exec[9529:257809] id 199: about to run
2018-10-24 10:03:55.354 out.exec[9529:257809] id 199: MachPort: com.apple.siri.vocabularyupdates Method: setLockState
2018-10-24 10:03:55.355 out.exec[9529:257812] id 198: Connection Terminated
2018-10-24 10:03:55.357 out.exec[9529:257809] id 200: about to run
2018-10-24 10:03:55.357 out.exec[9529:257809] id 200: MachPort: com.apple.siri.vocabularyupdates Method: forceAudioSessionInactive;
2018-10-24 10:03:55.358 out.exec[9529:257812] id 199: Connection Terminated
2018-10-24 10:03:55.361 out.exec[9529:257809] id 201: about to run
2018-10-24 10:03:55.361 out.exec[9529:257809] id 201: MachPort: com.apple.siri.vocabularyupdates Method: forceAudioSessionActiveWithCompletion
2018-10-24 10:03:55.362 out.exec[9529:257812] id 200: Connection Terminated
2018-10-24 10:03:55.364 out.exec[9529:257809] id 201: Invocation has a completion handler
2018-10-24 10:03:55.364 out.exec[9529:257809] id 202: about to run
2018-10-24 10:03:55.364 out.exec[9529:257809] id 202: MachPort: com.apple.siri.vocabularyupdates Method: forceAudioSessionActive;
2018-10-24 10:03:55.366 out.exec[9529:257812] id 201: Connection Terminated
2018-10-24 10:03:55.368 out.exec[9529:257809] id 203: about to run
2018-10-24 10:03:55.368 out.exec[9529:257809] id 203: MachPort: com.apple.siri.vocabularyupdates Method: boostedPreheatWithStyle
2018-10-24 10:03:55.369 out.exec[9529:257812] id 202: Connection Terminated
2018-10-24 10:03:55.371 out.exec[9529:257809] id 203: Invocation has a completion handler
2018-10-24 10:03:55.372 out.exec[9529:257809] id 204: about to run
2018-10-24 10:03:55.372 out.exec[9529:257809] id 204: MachPort: com.apple.siri.vocabularyupdates Method: preheatWithStyle
2018-10-24 10:03:55.373 out.exec[9529:257812] id 203: Connection Terminated
2018-10-24 10:03:55.375 out.exec[9529:257809] id 205: about to run
2018-10-24 10:03:55.375 out.exec[9529:257809] id 205: MachPort: com.apple.siri.vocabularyupdates Method: requestOfflineDictationSupportForLanguage
2018-10-24 10:03:55.376 out.exec[9529:257812] id 204: Connection Terminated
2018-10-24 10:03:55.379 out.exec[9529:257809] id 205: Invocation has a completion handler
2018-10-24 10:03:55.379 out.exec[9529:257809] id 206: about to run
2018-10-24 10:03:55.379 out.exec[9529:257809] id 206: MachPort: com.apple.siri.vocabularyupdates Method: getInstalledOfflineLanguagesWithCompletion
2018-10-24 10:03:55.380 out.exec[9529:257812] id 205: Connection Terminated
2018-10-24 10:03:55.382 out.exec[9529:257809] id 206: Invocation has a completion handler
2018-10-24 10:03:55.382 out.exec[9529:257809] id 207: about to run
2018-10-24 10:03:55.383 out.exec[9529:257809] id 207: MachPort: com.apple.siri.vocabularyupdates Method: _sendEngagementFeedback
2018-10-24 10:03:55.384 out.exec[9529:257812] id 206: Connection Terminated
2018-10-24 10:03:55.386 out.exec[9529:257809] id 208: about to run
2018-10-24 10:03:55.386 out.exec[9529:257809] id 208: MachPort: com.apple.siri.vocabularyupdates Method: _startDictationWithURL
2018-10-24 10:03:55.388 out.exec[9529:257812] id 207: Connection Terminated
2018-10-24 10:03:55.390 out.exec[9529:257809] id 209: about to run
2018-10-24 10:03:55.390 out.exec[9529:257809] id 209: MachPort: com.apple.siri.vocabularyupdates Method: recordFailureMetricsForError
2018-10-24 10:03:55.391 out.exec[9529:257812] id 208: Connection Terminated
2018-10-24 10:03:55.393 out.exec[9529:257809] id 210: about to run
2018-10-24 10:03:55.394 out.exec[9529:257809] id 210: MachPort: com.apple.siri.vocabularyupdates Method: endSession;
2018-10-24 10:03:55.395 out.exec[9529:257812] id 209: Connection Terminated
2018-10-24 10:03:55.397 out.exec[9529:257809] id 211: about to run
2018-10-24 10:03:55.397 out.exec[9529:257809] id 211: MachPort: com.apple.siri.vocabularyupdates Method: preheatWithRecordDeviceIdentifier
2018-10-24 10:03:55.398 out.exec[9529:257812] id 210: Connection Terminated
2018-10-24 10:03:55.400 out.exec[9529:257809] id 212: about to run
2018-10-24 10:03:55.401 out.exec[9529:257809] id 212: MachPort: com.apple.siri.vocabularyupdates Method: preheat;
2018-10-24 10:03:55.402 out.exec[9529:257812] id 211: Connection Terminated
2018-10-24 10:03:55.404 out.exec[9529:257809] id 213: about to run
2018-10-24 10:03:55.404 out.exec[9529:257809] id 213: MachPort: com.apple.siri.vocabularyupdates Method: sendSpeechCorrectionInfo
2018-10-24 10:03:55.405 out.exec[9529:257812] id 212: Connection Terminated
2018-10-24 10:03:55.408 out.exec[9529:257809] id 214: about to run
2018-10-24 10:03:55.408 out.exec[9529:257809] id 214: MachPort: com.apple.siri.vocabularyupdates Method: updateSpeechOptions
2018-10-24 10:03:55.409 out.exec[9529:257812] id 213: Connection Terminated
2018-10-24 10:03:55.411 out.exec[9529:257809] id 215: about to run
2018-10-24 10:03:55.411 out.exec[9529:257809] id 215: MachPort: com.apple.siri.vocabularyupdates Method: addRecordedSpeechSampleData
2018-10-24 10:03:55.412 out.exec[9529:257812] id 214: Connection Terminated
2018-10-24 10:03:55.415 out.exec[9529:257809] id 216: about to run
2018-10-24 10:03:55.415 out.exec[9529:257809] id 216: MachPort: com.apple.siri.vocabularyupdates Method: startRecordedAudioDictationWithOptions
2018-10-24 10:03:55.416 out.exec[9529:257812] id 215: Connection Terminated
2018-10-24 10:03:55.418 out.exec[9529:257809] id 217: about to run
2018-10-24 10:03:55.418 out.exec[9529:257809] id 217: MachPort: com.apple.siri.vocabularyupdates Method: stopSpeechWithOptions
2018-10-24 10:03:55.420 out.exec[9529:257812] id 216: Connection Terminated
2018-10-24 10:03:55.422 out.exec[9529:257809] id 218: about to run
2018-10-24 10:03:55.422 out.exec[9529:257809] id 218: MachPort: com.apple.siri.vocabularyupdates Method: cancelSpeech;
2018-10-24 10:03:55.423 out.exec[9529:257812] id 217: Connection Terminated
2018-10-24 10:03:55.425 out.exec[9529:257809] id 219: about to run
2018-10-24 10:03:55.426 out.exec[9529:257809] id 219: MachPort: com.apple.siri.vocabularyupdates Method: startDictationWithLanguageCode
2018-10-24 10:03:55.427 out.exec[9529:257812] id 218: Connection Terminated
2018-10-24 10:03:55.429 out.exec[9529:257809] id 220: about to run
2018-10-24 10:03:55.429 out.exec[9529:257809] id 220: MachPort: com.apple.siri.vocabularyupdates Method: startRecordingForPendingDictationWithLanguageCode
2018-10-24 10:03:55.430 out.exec[9529:257812] id 219: Connection Terminated
2018-10-24 10:03:55.432 out.exec[9529:257809] id 220: Invocation has a completion handler
2018-10-24 10:03:55.433 out.exec[9529:257809] id 221: about to run
2018-10-24 10:03:55.433 out.exec[9529:257809] id 221: MachPort: com.apple.siri.vocabularyupdates Method: startRequestActivityWithCompletion
2018-10-24 10:03:55.435 out.exec[9529:257812] id 220: Connection Terminated
2018-10-24 10:03:55.436 out.exec[9529:257809] id 221: Invocation has a completion handler
